<?xml version="1.0" encoding="UTF-8"?>
<testsuite name="backend.BackendApplicationTests" tests="1" skipped="0" failures="0" errors="0" timestamp="2025-06-03T09:54:43.795Z" hostname="DARKIMUNUSSHAPE" time="1.542">
  <properties/>
  <testcase name="contextLoads()" classname="backend.BackendApplicationTests" time="1.542"/>
  <system-out><![CDATA[11:53:52.622 [Test worker] INFO org.springframework.test.context.support.AnnotationConfigContextLoaderUtils -- Could not detect default configuration classes for test class [backend.BackendApplicationTests]: BackendApplicationTests does not declare any static, non-private, non-final, nested classes annotated with @Configuration.
11:53:53.098 [Test worker] INFO org.springframework.boot.test.context.SpringBootTestContextBootstrapper -- Found @SpringBootConfiguration backend.BackendApplication for test class backend.BackendApplicationTests

  .   ____          _            __ _ _
 /\\ / ___'_ __ _ _(_)_ __  __ _ \ \ \ \
( ( )\___ | '_ | '_| | '_ \/ _` | \ \ \ \
 \\/  ___)| |_)| | | | | || (_| |  ) ) ) )
  '  |____| .__|_| |_|_| |_\__, | / / / /
 =========|_|==============|___/=/_/_/_/

 :: Spring Boot ::                (v3.4.5)

2025-06-03T11:53:55.469+02:00  INFO 20180 --- [backend] [    Test worker] backend.BackendApplicationTests          : Starting BackendApplicationTests using Java 17.0.15 with PID 20180 (started by korisnik in C:\Users\korisnik\Documents\backend\Foodcription\backend\backend)
2025-06-03T11:53:55.473+02:00  INFO 20180 --- [backend] [    Test worker] backend.BackendApplicationTests          : No active profile set, falling back to 1 default profile: "default"
2025-06-03T11:54:05.570+02:00  INFO 20180 --- [backend] [    Test worker] .s.d.r.c.RepositoryConfigurationDelegate : Bootstrapping Spring Data JPA repositories in DEFAULT mode.
2025-06-03T11:54:06.578+02:00  INFO 20180 --- [backend] [    Test worker] .s.d.r.c.RepositoryConfigurationDelegate : Finished Spring Data repository scanning in 927 ms. Found 4 JPA repository interfaces.
2025-06-03T11:54:13.633+02:00 DEBUG 20180 --- [backend] [    Test worker] o.hibernate.jpa.internal.util.LogHelper  : PersistenceUnitInfo [
	name: default
	persistence provider classname: null
	classloader: jdk.internal.loader.ClassLoaders$AppClassLoader@73d16e93
	excludeUnlistedClasses: true
	JTA datasource: null
	Non JTA datasource: HikariDataSource (null)
	Transaction type: RESOURCE_LOCAL
	PU root URL: file:/C:/Users/korisnik/Documents/backend/Foodcription/backend/backend/build/classes/java/test/
	Shared Cache Mode: UNSPECIFIED
	Validation Mode: AUTO
	Jar files URLs []
	Managed classes names [
		backend.model.Jelo
		backend.model.Korisnik
		backend.model.Pretplata
		backend.model.PretplataPoKorisniku]
	Mapping files names []
	Properties []
2025-06-03T11:54:13.956+02:00 DEBUG 20180 --- [backend] [    Test worker] o.h.i.internal.IntegratorServiceImpl     : Adding Integrator [org.hibernate.boot.beanvalidation.BeanValidationIntegrator].
2025-06-03T11:54:13.983+02:00 DEBUG 20180 --- [backend] [    Test worker] o.h.i.internal.IntegratorServiceImpl     : Adding Integrator [org.hibernate.cache.internal.CollectionCacheInvalidator].
2025-06-03T11:54:14.715+02:00  INFO 20180 --- [backend] [    Test worker] org.hibernate.Version                    : HHH000412: Hibernate ORM core version 6.6.13.Final
2025-06-03T11:54:14.729+02:00 DEBUG 20180 --- [backend] [    Test worker] org.hibernate.cfg.Environment            : HHH000206: 'hibernate.properties' not found
2025-06-03T11:54:14.850+02:00 DEBUG 20180 --- [backend] [    Test worker] org.hibernate.orm.idgen.factory          : Registering IdentifierGenerator strategy [uuid2] -> [org.hibernate.id.UUIDGenerator]
2025-06-03T11:54:14.852+02:00 DEBUG 20180 --- [backend] [    Test worker] org.hibernate.orm.idgen.factory          : Registering IdentifierGenerator strategy [guid] -> [org.hibernate.id.GUIDGenerator]
2025-06-03T11:54:14.857+02:00 DEBUG 20180 --- [backend] [    Test worker] org.hibernate.orm.idgen.factory          : Registering IdentifierGenerator strategy [uuid] -> [org.hibernate.id.UUIDHexGenerator]
2025-06-03T11:54:14.858+02:00 DEBUG 20180 --- [backend] [    Test worker] org.hibernate.orm.idgen.factory          : Registering IdentifierGenerator strategy [uuid.hex] -> [org.hibernate.id.UUIDHexGenerator]
2025-06-03T11:54:14.859+02:00 DEBUG 20180 --- [backend] [    Test worker] org.hibernate.orm.idgen.factory          : Registering IdentifierGenerator strategy [assigned] -> [org.hibernate.id.Assigned]
2025-06-03T11:54:14.862+02:00 DEBUG 20180 --- [backend] [    Test worker] org.hibernate.orm.idgen.factory          : Registering IdentifierGenerator strategy [identity] -> [org.hibernate.id.IdentityGenerator]
2025-06-03T11:54:14.864+02:00 DEBUG 20180 --- [backend] [    Test worker] org.hibernate.orm.idgen.factory          : Registering IdentifierGenerator strategy [select] -> [org.hibernate.id.SelectGenerator]
2025-06-03T11:54:14.872+02:00 DEBUG 20180 --- [backend] [    Test worker] org.hibernate.orm.idgen.factory          : Registering IdentifierGenerator strategy [sequence] -> [org.hibernate.id.enhanced.SequenceStyleGenerator]
2025-06-03T11:54:14.874+02:00 DEBUG 20180 --- [backend] [    Test worker] org.hibernate.orm.idgen.factory          : Registering IdentifierGenerator strategy [increment] -> [org.hibernate.id.IncrementGenerator]
2025-06-03T11:54:14.876+02:00 DEBUG 20180 --- [backend] [    Test worker] org.hibernate.orm.idgen.factory          : Registering IdentifierGenerator strategy [foreign] -> [org.hibernate.id.ForeignGenerator]
2025-06-03T11:54:14.879+02:00 DEBUG 20180 --- [backend] [    Test worker] org.hibernate.orm.idgen.factory          : Registering IdentifierGenerator strategy [enhanced-sequence] -> [org.hibernate.id.enhanced.SequenceStyleGenerator]
2025-06-03T11:54:14.883+02:00 DEBUG 20180 --- [backend] [    Test worker] org.hibernate.orm.idgen.factory          : Registering IdentifierGenerator strategy [enhanced-table] -> [org.hibernate.id.enhanced.TableGenerator]
2025-06-03T11:54:14.927+02:00 DEBUG 20180 --- [backend] [    Test worker] o.h.c.internal.RegionFactoryInitiator    : Cannot default RegionFactory based on registered strategies as `[]` RegionFactory strategies were registered
2025-06-03T11:54:14.933+02:00  INFO 20180 --- [backend] [    Test worker] o.h.c.internal.RegionFactoryInitiator    : HHH000026: Second-level cache disabled
2025-06-03T11:54:15.361+02:00 DEBUG 20180 --- [backend] [    Test worker] org.hibernate.type.BasicTypeRegistry     : Adding type registration boolean -> org.hibernate.type.BasicTypeReference@11180750
2025-06-03T11:54:15.361+02:00 DEBUG 20180 --- [backend] [    Test worker] org.hibernate.type.BasicTypeRegistry     : Adding type registration boolean -> org.hibernate.type.BasicTypeReference@11180750
2025-06-03T11:54:15.362+02:00 DEBUG 20180 --- [backend] [    Test worker] org.hibernate.type.BasicTypeRegistry     : Adding type registration java.lang.Boolean -> org.hibernate.type.BasicTypeReference@11180750
2025-06-03T11:54:15.363+02:00 DEBUG 20180 --- [backend] [    Test worker] org.hibernate.type.BasicTypeRegistry     : Adding type registration numeric_boolean -> org.hibernate.type.BasicTypeReference@210635fd
2025-06-03T11:54:15.364+02:00 DEBUG 20180 --- [backend] [    Test worker] org.hibernate.type.BasicTypeRegistry     : Adding type registration org.hibernate.type.NumericBooleanConverter -> org.hibernate.type.BasicTypeReference@210635fd
2025-06-03T11:54:15.365+02:00 DEBUG 20180 --- [backend] [    Test worker] org.hibernate.type.BasicTypeRegistry     : Adding type registration true_false -> org.hibernate.type.BasicTypeReference@63814bbe
2025-06-03T11:54:15.365+02:00 DEBUG 20180 --- [backend] [    Test worker] org.hibernate.type.BasicTypeRegistry     : Adding type registration org.hibernate.type.TrueFalseConverter -> org.hibernate.type.BasicTypeReference@63814bbe
2025-06-03T11:54:15.365+02:00 DEBUG 20180 --- [backend] [    Test worker] org.hibernate.type.BasicTypeRegistry     : Adding type registration yes_no -> org.hibernate.type.BasicTypeReference@3cb195dd
2025-06-03T11:54:15.366+02:00 DEBUG 20180 --- [backend] [    Test worker] org.hibernate.type.BasicTypeRegistry     : Adding type registration org.hibernate.type.YesNoConverter -> org.hibernate.type.BasicTypeReference@3cb195dd
2025-06-03T11:54:15.367+02:00 DEBUG 20180 --- [backend] [    Test worker] org.hibernate.type.BasicTypeRegistry     : Adding type registration byte -> org.hibernate.type.BasicTypeReference@6dc2279c
2025-06-03T11:54:15.367+02:00 DEBUG 20180 --- [backend] [    Test worker] org.hibernate.type.BasicTypeRegistry     : Adding type registration byte -> org.hibernate.type.BasicTypeReference@6dc2279c
2025-06-03T11:54:15.369+02:00 DEBUG 20180 --- [backend] [    Test worker] org.hibernate.type.BasicTypeRegistry     : Adding type registration java.lang.Byte -> org.hibernate.type.BasicTypeReference@6dc2279c
2025-06-03T11:54:15.372+02:00 DEBUG 20180 --- [backend] [    Test worker] org.hibernate.type.BasicTypeRegistry     : Adding type registration binary -> org.hibernate.type.BasicTypeReference@7d7b4e04
2025-06-03T11:54:15.373+02:00 DEBUG 20180 --- [backend] [    Test worker] org.hibernate.type.BasicTypeRegistry     : Adding type registration byte[] -> org.hibernate.type.BasicTypeReference@7d7b4e04
2025-06-03T11:54:15.374+02:00 DEBUG 20180 --- [backend] [    Test worker] org.hibernate.type.BasicTypeRegistry     : Adding type registration [B -> org.hibernate.type.BasicTypeReference@7d7b4e04
2025-06-03T11:54:15.374+02:00 DEBUG 20180 --- [backend] [    Test worker] org.hibernate.type.BasicTypeRegistry     : Adding type registration binary_wrapper -> org.hibernate.type.BasicTypeReference@144e36ae
2025-06-03T11:54:15.375+02:00 DEBUG 20180 --- [backend] [    Test worker] org.hibernate.type.BasicTypeRegistry     : Adding type registration wrapper-binary -> org.hibernate.type.BasicTypeReference@144e36ae
2025-06-03T11:54:15.376+02:00 DEBUG 20180 --- [backend] [    Test worker] org.hibernate.type.BasicTypeRegistry     : Adding type registration image -> org.hibernate.type.BasicTypeReference@24615687
2025-06-03T11:54:15.376+02:00 DEBUG 20180 --- [backend] [    Test worker] org.hibernate.type.BasicTypeRegistry     : Adding type registration blob -> org.hibernate.type.BasicTypeReference@58636b50
2025-06-03T11:54:15.376+02:00 DEBUG 20180 --- [backend] [    Test worker] org.hibernate.type.BasicTypeRegistry     : Adding type registration java.sql.Blob -> org.hibernate.type.BasicTypeReference@58636b50
2025-06-03T11:54:15.378+02:00 DEBUG 20180 --- [backend] [    Test worker] org.hibernate.type.BasicTypeRegistry     : Adding type registration materialized_blob -> org.hibernate.type.BasicTypeReference@7f4f1536
2025-06-03T11:54:15.379+02:00 DEBUG 20180 --- [backend] [    Test worker] org.hibernate.type.BasicTypeRegistry     : Adding type registration materialized_blob_wrapper -> org.hibernate.type.BasicTypeReference@1ad1b737
2025-06-03T11:54:15.381+02:00 DEBUG 20180 --- [backend] [    Test worker] org.hibernate.type.BasicTypeRegistry     : Adding type registration short -> org.hibernate.type.BasicTypeReference@342a1f84
2025-06-03T11:54:15.382+02:00 DEBUG 20180 --- [backend] [    Test worker] org.hibernate.type.BasicTypeRegistry     : Adding type registration short -> org.hibernate.type.BasicTypeReference@342a1f84
2025-06-03T11:54:15.382+02:00 DEBUG 20180 --- [backend] [    Test worker] org.hibernate.type.BasicTypeRegistry     : Adding type registration java.lang.Short -> org.hibernate.type.BasicTypeReference@342a1f84
2025-06-03T11:54:15.383+02:00 DEBUG 20180 --- [backend] [    Test worker] org.hibernate.type.BasicTypeRegistry     : Adding type registration integer -> org.hibernate.type.BasicTypeReference@77d0dbba
2025-06-03T11:54:15.386+02:00 DEBUG 20180 --- [backend] [    Test worker] org.hibernate.type.BasicTypeRegistry     : Adding type registration int -> org.hibernate.type.BasicTypeReference@77d0dbba
2025-06-03T11:54:15.399+02:00 DEBUG 20180 --- [backend] [    Test worker] org.hibernate.type.BasicTypeRegistry     : Adding type registration java.lang.Integer -> org.hibernate.type.BasicTypeReference@77d0dbba
2025-06-03T11:54:15.400+02:00 DEBUG 20180 --- [backend] [    Test worker] org.hibernate.type.BasicTypeRegistry     : Adding type registration long -> org.hibernate.type.BasicTypeReference@70b196d3
2025-06-03T11:54:15.401+02:00 DEBUG 20180 --- [backend] [    Test worker] org.hibernate.type.BasicTypeRegistry     : Adding type registration long -> org.hibernate.type.BasicTypeReference@70b196d3
2025-06-03T11:54:15.405+02:00 DEBUG 20180 --- [backend] [    Test worker] org.hibernate.type.BasicTypeRegistry     : Adding type registration java.lang.Long -> org.hibernate.type.BasicTypeReference@70b196d3
2025-06-03T11:54:15.410+02:00 DEBUG 20180 --- [backend] [    Test worker] org.hibernate.type.BasicTypeRegistry     : Adding type registration float -> org.hibernate.type.BasicTypeReference@67ceeffd
2025-06-03T11:54:15.415+02:00 DEBUG 20180 --- [backend] [    Test worker] org.hibernate.type.BasicTypeRegistry     : Adding type registration float -> org.hibernate.type.BasicTypeReference@67ceeffd
2025-06-03T11:54:15.430+02:00 DEBUG 20180 --- [backend] [    Test worker] org.hibernate.type.BasicTypeRegistry     : Adding type registration java.lang.Float -> org.hibernate.type.BasicTypeReference@67ceeffd
2025-06-03T11:54:15.432+02:00 DEBUG 20180 --- [backend] [    Test worker] org.hibernate.type.BasicTypeRegistry     : Adding type registration double -> org.hibernate.type.BasicTypeReference@3fc1abf
2025-06-03T11:54:15.433+02:00 DEBUG 20180 --- [backend] [    Test worker] org.hibernate.type.BasicTypeRegistry     : Adding type registration double -> org.hibernate.type.BasicTypeReference@3fc1abf
2025-06-03T11:54:15.435+02:00 DEBUG 20180 --- [backend] [    Test worker] org.hibernate.type.BasicTypeRegistry     : Adding type registration java.lang.Double -> org.hibernate.type.BasicTypeReference@3fc1abf
2025-06-03T11:54:15.436+02:00 DEBUG 20180 --- [backend] [    Test worker] org.hibernate.type.BasicTypeRegistry     : Adding type registration big_integer -> org.hibernate.type.BasicTypeReference@72001c71
2025-06-03T11:54:15.438+02:00 DEBUG 20180 --- [backend] [    Test worker] org.hibernate.type.BasicTypeRegistry     : Adding type registration java.math.BigInteger -> org.hibernate.type.BasicTypeReference@72001c71
2025-06-03T11:54:15.440+02:00 DEBUG 20180 --- [backend] [    Test worker] org.hibernate.type.BasicTypeRegistry     : Adding type registration big_decimal -> org.hibernate.type.BasicTypeReference@e7b0bec
2025-06-03T11:54:15.441+02:00 DEBUG 20180 --- [backend] [    Test worker] org.hibernate.type.BasicTypeRegistry     : Adding type registration java.math.BigDecimal -> org.hibernate.type.BasicTypeReference@e7b0bec
2025-06-03T11:54:15.441+02:00 DEBUG 20180 --- [backend] [    Test worker] org.hibernate.type.BasicTypeRegistry     : Adding type registration character -> org.hibernate.type.BasicTypeReference@1e5aacd9
2025-06-03T11:54:15.441+02:00 DEBUG 20180 --- [backend] [    Test worker] org.hibernate.type.BasicTypeRegistry     : Adding type registration char -> org.hibernate.type.BasicTypeReference@1e5aacd9
2025-06-03T11:54:15.442+02:00 DEBUG 20180 --- [backend] [    Test worker] org.hibernate.type.BasicTypeRegistry     : Adding type registration java.lang.Character -> org.hibernate.type.BasicTypeReference@1e5aacd9
2025-06-03T11:54:15.442+02:00 DEBUG 20180 --- [backend] [    Test worker] org.hibernate.type.BasicTypeRegistry     : Adding type registration character_nchar -> org.hibernate.type.BasicTypeReference@7d90644f
2025-06-03T11:54:15.442+02:00 DEBUG 20180 --- [backend] [    Test worker] org.hibernate.type.BasicTypeRegistry     : Adding type registration string -> org.hibernate.type.BasicTypeReference@f810c18
2025-06-03T11:54:15.442+02:00 DEBUG 20180 --- [backend] [    Test worker] org.hibernate.type.BasicTypeRegistry     : Adding type registration java.lang.String -> org.hibernate.type.BasicTypeReference@f810c18
2025-06-03T11:54:15.443+02:00 DEBUG 20180 --- [backend] [    Test worker] org.hibernate.type.BasicTypeRegistry     : Adding type registration nstring -> org.hibernate.type.BasicTypeReference@59f3426f
2025-06-03T11:54:15.443+02:00 DEBUG 20180 --- [backend] [    Test worker] org.hibernate.type.BasicTypeRegistry     : Adding type registration characters -> org.hibernate.type.BasicTypeReference@120411ec
2025-06-03T11:54:15.443+02:00 DEBUG 20180 --- [backend] [    Test worker] org.hibernate.type.BasicTypeRegistry     : Adding type registration char[] -> org.hibernate.type.BasicTypeReference@120411ec
2025-06-03T11:54:15.443+02:00 DEBUG 20180 --- [backend] [    Test worker] org.hibernate.type.BasicTypeRegistry     : Adding type registration [C -> org.hibernate.type.BasicTypeReference@120411ec
2025-06-03T11:54:15.444+02:00 DEBUG 20180 --- [backend] [    Test worker] org.hibernate.type.BasicTypeRegistry     : Adding type registration wrapper-characters -> org.hibernate.type.BasicTypeReference@6cc8adff
2025-06-03T11:54:15.444+02:00 DEBUG 20180 --- [backend] [    Test worker] org.hibernate.type.BasicTypeRegistry     : Adding type registration text -> org.hibernate.type.BasicTypeReference@6b2e9db2
2025-06-03T11:54:15.448+02:00 DEBUG 20180 --- [backend] [    Test worker] org.hibernate.type.BasicTypeRegistry     : Adding type registration ntext -> org.hibernate.type.BasicTypeReference@280d5a82
2025-06-03T11:54:15.449+02:00 DEBUG 20180 --- [backend] [    Test worker] org.hibernate.type.BasicTypeRegistry     : Adding type registration clob -> org.hibernate.type.BasicTypeReference@1a34a51e
2025-06-03T11:54:15.449+02:00 DEBUG 20180 --- [backend] [    Test worker] org.hibernate.type.BasicTypeRegistry     : Adding type registration java.sql.Clob -> org.hibernate.type.BasicTypeReference@1a34a51e
2025-06-03T11:54:15.450+02:00 DEBUG 20180 --- [backend] [    Test worker] org.hibernate.type.BasicTypeRegistry     : Adding type registration nclob -> org.hibernate.type.BasicTypeReference@333a44f2
2025-06-03T11:54:15.451+02:00 DEBUG 20180 --- [backend] [    Test worker] org.hibernate.type.BasicTypeRegistry     : Adding type registration java.sql.NClob -> org.hibernate.type.BasicTypeReference@333a44f2
2025-06-03T11:54:15.451+02:00 DEBUG 20180 --- [backend] [    Test worker] org.hibernate.type.BasicTypeRegistry     : Adding type registration materialized_clob -> org.hibernate.type.BasicTypeReference@2c668c2a
2025-06-03T11:54:15.451+02:00 DEBUG 20180 --- [backend] [    Test worker] org.hibernate.type.BasicTypeRegistry     : Adding type registration materialized_clob_char_array -> org.hibernate.type.BasicTypeReference@6efd0a6e
2025-06-03T11:54:15.453+02:00 DEBUG 20180 --- [backend] [    Test worker] org.hibernate.type.BasicTypeRegistry     : Adding type registration materialized_clob_character_array -> org.hibernate.type.BasicTypeReference@51de5efa
2025-06-03T11:54:15.453+02:00 DEBUG 20180 --- [backend] [    Test worker] org.hibernate.type.BasicTypeRegistry     : Adding type registration materialized_nclob -> org.hibernate.type.BasicTypeReference@30228de7
2025-06-03T11:54:15.458+02:00 DEBUG 20180 --- [backend] [    Test worker] org.hibernate.type.BasicTypeRegistry     : Adding type registration materialized_nclob_character_array -> org.hibernate.type.BasicTypeReference@28bd5015
2025-06-03T11:54:15.458+02:00 DEBUG 20180 --- [backend] [    Test worker] org.hibernate.type.BasicTypeRegistry     : Adding type registration materialized_nclob_char_array -> org.hibernate.type.BasicTypeReference@2e159116
2025-06-03T11:54:15.459+02:00 DEBUG 20180 --- [backend] [    Test worker] org.hibernate.type.BasicTypeRegistry     : Adding type registration Duration -> org.hibernate.type.BasicTypeReference@d1f23a0
2025-06-03T11:54:15.459+02:00 DEBUG 20180 --- [backend] [    Test worker] org.hibernate.type.BasicTypeRegistry     : Adding type registration java.time.Duration -> org.hibernate.type.BasicTypeReference@d1f23a0
2025-06-03T11:54:15.459+02:00 DEBUG 20180 --- [backend] [    Test worker] org.hibernate.type.BasicTypeRegistry     : Adding type registration LocalDateTime -> org.hibernate.type.BasicTypeReference@2976ca51
2025-06-03T11:54:15.459+02:00 DEBUG 20180 --- [backend] [    Test worker] org.hibernate.type.BasicTypeRegistry     : Adding type registration java.time.LocalDateTime -> org.hibernate.type.BasicTypeReference@2976ca51
2025-06-03T11:54:15.460+02:00 DEBUG 20180 --- [backend] [    Test worker] org.hibernate.type.BasicTypeRegistry     : Adding type registration LocalDate -> org.hibernate.type.BasicTypeReference@6b091a92
2025-06-03T11:54:15.460+02:00 DEBUG 20180 --- [backend] [    Test worker] org.hibernate.type.BasicTypeRegistry     : Adding type registration java.time.LocalDate -> org.hibernate.type.BasicTypeReference@6b091a92
2025-06-03T11:54:15.460+02:00 DEBUG 20180 --- [backend] [    Test worker] org.hibernate.type.BasicTypeRegistry     : Adding type registration LocalTime -> org.hibernate.type.BasicTypeReference@6996bbc4
2025-06-03T11:54:15.460+02:00 DEBUG 20180 --- [backend] [    Test worker] org.hibernate.type.BasicTypeRegistry     : Adding type registration java.time.LocalTime -> org.hibernate.type.BasicTypeReference@6996bbc4
2025-06-03T11:54:15.460+02:00 DEBUG 20180 --- [backend] [    Test worker] org.hibernate.type.BasicTypeRegistry     : Adding type registration OffsetDateTime -> org.hibernate.type.BasicTypeReference@1de08775
2025-06-03T11:54:15.461+02:00 DEBUG 20180 --- [backend] [    Test worker] org.hibernate.type.BasicTypeRegistry     : Adding type registration java.time.OffsetDateTime -> org.hibernate.type.BasicTypeReference@1de08775
2025-06-03T11:54:15.461+02:00 DEBUG 20180 --- [backend] [    Test worker] org.hibernate.type.BasicTypeRegistry     : Adding type registration OffsetDateTimeWithTimezone -> org.hibernate.type.BasicTypeReference@2dbf2da
2025-06-03T11:54:15.461+02:00 DEBUG 20180 --- [backend] [    Test worker] org.hibernate.type.BasicTypeRegistry     : Adding type registration OffsetDateTimeWithoutTimezone -> org.hibernate.type.BasicTypeReference@21a5b599
2025-06-03T11:54:15.461+02:00 DEBUG 20180 --- [backend] [    Test worker] org.hibernate.type.BasicTypeRegistry     : Adding type registration OffsetTime -> org.hibernate.type.BasicTypeReference@7db162f2
2025-06-03T11:54:15.462+02:00 DEBUG 20180 --- [backend] [    Test worker] org.hibernate.type.BasicTypeRegistry     : Adding type registration java.time.OffsetTime -> org.hibernate.type.BasicTypeReference@7db162f2
2025-06-03T11:54:15.462+02:00 DEBUG 20180 --- [backend] [    Test worker] org.hibernate.type.BasicTypeRegistry     : Adding type registration OffsetTimeUtc -> org.hibernate.type.BasicTypeReference@64f3991e
2025-06-03T11:54:15.462+02:00 DEBUG 20180 --- [backend] [    Test worker] org.hibernate.type.BasicTypeRegistry     : Adding type registration OffsetTimeWithTimezone -> org.hibernate.type.BasicTypeReference@39e3ea78
2025-06-03T11:54:15.464+02:00 DEBUG 20180 --- [backend] [    Test worker] org.hibernate.type.BasicTypeRegistry     : Adding type registration OffsetTimeWithoutTimezone -> org.hibernate.type.BasicTypeReference@35e689a0
2025-06-03T11:54:15.467+02:00 DEBUG 20180 --- [backend] [    Test worker] org.hibernate.type.BasicTypeRegistry     : Adding type registration ZonedDateTime -> org.hibernate.type.BasicTypeReference@43b6cb1c
2025-06-03T11:54:15.468+02:00 DEBUG 20180 --- [backend] [    Test worker] org.hibernate.type.BasicTypeRegistry     : Adding type registration java.time.ZonedDateTime -> org.hibernate.type.BasicTypeReference@43b6cb1c
2025-06-03T11:54:15.470+02:00 DEBUG 20180 --- [backend] [    Test worker] org.hibernate.type.BasicTypeRegistry     : Adding type registration ZonedDateTimeWithTimezone -> org.hibernate.type.BasicTypeReference@3bf5911d
2025-06-03T11:54:15.473+02:00 DEBUG 20180 --- [backend] [    Test worker] org.hibernate.type.BasicTypeRegistry     : Adding type registration ZonedDateTimeWithoutTimezone -> org.hibernate.type.BasicTypeReference@1de30c31
2025-06-03T11:54:15.473+02:00 DEBUG 20180 --- [backend] [    Test worker] org.hibernate.type.BasicTypeRegistry     : Adding type registration date -> org.hibernate.type.BasicTypeReference@1cc93da4
2025-06-03T11:54:15.474+02:00 DEBUG 20180 --- [backend] [    Test worker] org.hibernate.type.BasicTypeRegistry     : Adding type registration java.sql.Date -> org.hibernate.type.BasicTypeReference@1cc93da4
2025-06-03T11:54:15.475+02:00 DEBUG 20180 --- [backend] [    Test worker] org.hibernate.type.BasicTypeRegistry     : Adding type registration time -> org.hibernate.type.BasicTypeReference@69d2fb0a
2025-06-03T11:54:15.475+02:00 DEBUG 20180 --- [backend] [    Test worker] org.hibernate.type.BasicTypeRegistry     : Adding type registration java.sql.Time -> org.hibernate.type.BasicTypeReference@69d2fb0a
2025-06-03T11:54:15.475+02:00 DEBUG 20180 --- [backend] [    Test worker] org.hibernate.type.BasicTypeRegistry     : Adding type registration timestamp -> org.hibernate.type.BasicTypeReference@7e38e254
2025-06-03T11:54:15.480+02:00 DEBUG 20180 --- [backend] [    Test worker] org.hibernate.type.BasicTypeRegistry     : Adding type registration java.sql.Timestamp -> org.hibernate.type.BasicTypeReference@7e38e254
2025-06-03T11:54:15.481+02:00 DEBUG 20180 --- [backend] [    Test worker] org.hibernate.type.BasicTypeRegistry     : Adding type registration java.util.Date -> org.hibernate.type.BasicTypeReference@7e38e254
2025-06-03T11:54:15.482+02:00 DEBUG 20180 --- [backend] [    Test worker] org.hibernate.type.BasicTypeRegistry     : Adding type registration calendar -> org.hibernate.type.BasicTypeReference@7b3feb26
2025-06-03T11:54:15.483+02:00 DEBUG 20180 --- [backend] [    Test worker] org.hibernate.type.BasicTypeRegistry     : Adding type registration java.util.Calendar -> org.hibernate.type.BasicTypeReference@7b3feb26
2025-06-03T11:54:15.483+02:00 DEBUG 20180 --- [backend] [    Test worker] org.hibernate.type.BasicTypeRegistry     : Adding type registration java.util.GregorianCalendar -> org.hibernate.type.BasicTypeReference@7b3feb26
2025-06-03T11:54:15.483+02:00 DEBUG 20180 --- [backend] [    Test worker] org.hibernate.type.BasicTypeRegistry     : Adding type registration calendar_date -> org.hibernate.type.BasicTypeReference@2e4ecdf8
2025-06-03T11:54:15.484+02:00 DEBUG 20180 --- [backend] [    Test worker] org.hibernate.type.BasicTypeRegistry     : Adding type registration calendar_time -> org.hibernate.type.BasicTypeReference@503a7990
2025-06-03T11:54:15.485+02:00 DEBUG 20180 --- [backend] [    Test worker] org.hibernate.type.BasicTypeRegistry     : Adding type registration instant -> org.hibernate.type.BasicTypeReference@69a90b81
2025-06-03T11:54:15.485+02:00 DEBUG 20180 --- [backend] [    Test worker] org.hibernate.type.BasicTypeRegistry     : Adding type registration java.time.Instant -> org.hibernate.type.BasicTypeReference@69a90b81
2025-06-03T11:54:15.486+02:00 DEBUG 20180 --- [backend] [    Test worker] org.hibernate.type.BasicTypeRegistry     : Adding type registration uuid -> org.hibernate.type.BasicTypeReference@6dcbbb49
2025-06-03T11:54:15.489+02:00 DEBUG 20180 --- [backend] [    Test worker] org.hibernate.type.BasicTypeRegistry     : Adding type registration java.util.UUID -> org.hibernate.type.BasicTypeReference@6dcbbb49
2025-06-03T11:54:15.491+02:00 DEBUG 20180 --- [backend] [    Test worker] org.hibernate.type.BasicTypeRegistry     : Adding type registration pg-uuid -> org.hibernate.type.BasicTypeReference@6dcbbb49
2025-06-03T11:54:15.491+02:00 DEBUG 20180 --- [backend] [    Test worker] org.hibernate.type.BasicTypeRegistry     : Adding type registration uuid-binary -> org.hibernate.type.BasicTypeReference@35329a05
2025-06-03T11:54:15.492+02:00 DEBUG 20180 --- [backend] [    Test worker] org.hibernate.type.BasicTypeRegistry     : Adding type registration uuid-char -> org.hibernate.type.BasicTypeReference@36c783ca
2025-06-03T11:54:15.493+02:00 DEBUG 20180 --- [backend] [    Test worker] org.hibernate.type.BasicTypeRegistry     : Adding type registration class -> org.hibernate.type.BasicTypeReference@17136390
2025-06-03T11:54:15.494+02:00 DEBUG 20180 --- [backend] [    Test worker] org.hibernate.type.BasicTypeRegistry     : Adding type registration java.lang.Class -> org.hibernate.type.BasicTypeReference@17136390
2025-06-03T11:54:15.498+02:00 DEBUG 20180 --- [backend] [    Test worker] org.hibernate.type.BasicTypeRegistry     : Adding type registration currency -> org.hibernate.type.BasicTypeReference@273293c8
2025-06-03T11:54:15.500+02:00 DEBUG 20180 --- [backend] [    Test worker] org.hibernate.type.BasicTypeRegistry     : Adding type registration Currency -> org.hibernate.type.BasicTypeReference@273293c8
2025-06-03T11:54:15.502+02:00 DEBUG 20180 --- [backend] [    Test worker] org.hibernate.type.BasicTypeRegistry     : Adding type registration java.util.Currency -> org.hibernate.type.BasicTypeReference@273293c8
2025-06-03T11:54:15.502+02:00 DEBUG 20180 --- [backend] [    Test worker] org.hibernate.type.BasicTypeRegistry     : Adding type registration locale -> org.hibernate.type.BasicTypeReference@6f1d799
2025-06-03T11:54:15.503+02:00 DEBUG 20180 --- [backend] [    Test worker] org.hibernate.type.BasicTypeRegistry     : Adding type registration java.util.Locale -> org.hibernate.type.BasicTypeReference@6f1d799
2025-06-03T11:54:15.503+02:00 DEBUG 20180 --- [backend] [    Test worker] org.hibernate.type.BasicTypeRegistry     : Adding type registration serializable -> org.hibernate.type.BasicTypeReference@ca2cd5e
2025-06-03T11:54:15.507+02:00 DEBUG 20180 --- [backend] [    Test worker] org.hibernate.type.BasicTypeRegistry     : Adding type registration java.io.Serializable -> org.hibernate.type.BasicTypeReference@ca2cd5e
2025-06-03T11:54:15.509+02:00 DEBUG 20180 --- [backend] [    Test worker] org.hibernate.type.BasicTypeRegistry     : Adding type registration timezone -> org.hibernate.type.BasicTypeReference@a120b9
2025-06-03T11:54:15.510+02:00 DEBUG 20180 --- [backend] [    Test worker] org.hibernate.type.BasicTypeRegistry     : Adding type registration java.util.TimeZone -> org.hibernate.type.BasicTypeReference@a120b9
2025-06-03T11:54:15.511+02:00 DEBUG 20180 --- [backend] [    Test worker] org.hibernate.type.BasicTypeRegistry     : Adding type registration ZoneOffset -> org.hibernate.type.BasicTypeReference@333e5fb6
2025-06-03T11:54:15.511+02:00 DEBUG 20180 --- [backend] [    Test worker] org.hibernate.type.BasicTypeRegistry     : Adding type registration java.time.ZoneOffset -> org.hibernate.type.BasicTypeReference@333e5fb6
2025-06-03T11:54:15.512+02:00 DEBUG 20180 --- [backend] [    Test worker] org.hibernate.type.BasicTypeRegistry     : Adding type registration url -> org.hibernate.type.BasicTypeReference@3b7b0b57
2025-06-03T11:54:15.515+02:00 DEBUG 20180 --- [backend] [    Test worker] org.hibernate.type.BasicTypeRegistry     : Adding type registration java.net.URL -> org.hibernate.type.BasicTypeReference@3b7b0b57
2025-06-03T11:54:15.516+02:00 DEBUG 20180 --- [backend] [    Test worker] org.hibernate.type.BasicTypeRegistry     : Adding type registration vector -> org.hibernate.type.BasicTypeReference@21a9f95b
2025-06-03T11:54:15.517+02:00 DEBUG 20180 --- [backend] [    Test worker] org.hibernate.type.BasicTypeRegistry     : Adding type registration float_vector -> org.hibernate.type.BasicTypeReference@2804b13f
2025-06-03T11:54:15.519+02:00 DEBUG 20180 --- [backend] [    Test worker] org.hibernate.type.BasicTypeRegistry     : Adding type registration double_vector -> org.hibernate.type.BasicTypeReference@69069866
2025-06-03T11:54:15.519+02:00 DEBUG 20180 --- [backend] [    Test worker] org.hibernate.type.BasicTypeRegistry     : Adding type registration byte_vector -> org.hibernate.type.BasicTypeReference@ac417a2
2025-06-03T11:54:15.519+02:00 DEBUG 20180 --- [backend] [    Test worker] org.hibernate.type.BasicTypeRegistry     : Adding type registration row_version -> org.hibernate.type.BasicTypeReference@64c95480
2025-06-03T11:54:15.557+02:00 DEBUG 20180 --- [backend] [    Test worker] org.hibernate.type.BasicTypeRegistry     : Adding type registration object -> org.hibernate.type.JavaObjectType@334b392d
2025-06-03T11:54:15.557+02:00 DEBUG 20180 --- [backend] [    Test worker] org.hibernate.type.BasicTypeRegistry     : Adding type registration java.lang.Object -> org.hibernate.type.JavaObjectType@334b392d
2025-06-03T11:54:15.562+02:00 DEBUG 20180 --- [backend] [    Test worker] org.hibernate.type.BasicTypeRegistry     : Adding type registration null -> org.hibernate.type.NullType@37806be6
2025-06-03T11:54:15.563+02:00 DEBUG 20180 --- [backend] [    Test worker] org.hibernate.type.BasicTypeRegistry     : Adding type registration imm_date -> org.hibernate.type.BasicTypeReference@7bce9ce4
2025-06-03T11:54:15.564+02:00 DEBUG 20180 --- [backend] [    Test worker] org.hibernate.type.BasicTypeRegistry     : Adding type registration imm_time -> org.hibernate.type.BasicTypeReference@1d2046bb
2025-06-03T11:54:15.564+02:00 DEBUG 20180 --- [backend] [    Test worker] org.hibernate.type.BasicTypeRegistry     : Adding type registration imm_timestamp -> org.hibernate.type.BasicTypeReference@3b33fff9
2025-06-03T11:54:15.565+02:00 DEBUG 20180 --- [backend] [    Test worker] org.hibernate.type.BasicTypeRegistry     : Adding type registration imm_calendar -> org.hibernate.type.BasicTypeReference@fd87c22
2025-06-03T11:54:15.567+02:00 DEBUG 20180 --- [backend] [    Test worker] org.hibernate.type.BasicTypeRegistry     : Adding type registration imm_calendar_date -> org.hibernate.type.BasicTypeReference@fee881
2025-06-03T11:54:15.567+02:00 DEBUG 20180 --- [backend] [    Test worker] org.hibernate.type.BasicTypeRegistry     : Adding type registration imm_calendar_time -> org.hibernate.type.BasicTypeReference@1ff463bb
2025-06-03T11:54:15.574+02:00 DEBUG 20180 --- [backend] [    Test worker] org.hibernate.type.BasicTypeRegistry     : Adding type registration imm_binary -> org.hibernate.type.BasicTypeReference@3b9c9b8b
2025-06-03T11:54:15.574+02:00 DEBUG 20180 --- [backend] [    Test worker] org.hibernate.type.BasicTypeRegistry     : Adding type registration imm_serializable -> org.hibernate.type.BasicTypeReference@7769d9b6
2025-06-03T11:54:15.608+02:00 DEBUG 20180 --- [backend] [    Test worker] o.h.boot.internal.BootstrapContextImpl   : Injecting JPA temp ClassLoader [org.springframework.instrument.classloading.SimpleThrowawayClassLoader@6f68756d] into BootstrapContext; was [null]
2025-06-03T11:54:15.609+02:00 DEBUG 20180 --- [backend] [    Test worker] o.h.boot.internal.ClassLoaderAccessImpl  : ClassLoaderAccessImpl#injectTempClassLoader(org.springframework.instrument.classloading.SimpleThrowawayClassLoader@6f68756d) [was null]
2025-06-03T11:54:15.610+02:00 DEBUG 20180 --- [backend] [    Test worker] o.h.boot.internal.BootstrapContextImpl   : Injecting ScanEnvironment [org.hibernate.jpa.boot.internal.StandardJpaScanEnvironmentImpl@7ffcb232] into BootstrapContext; was [null]
2025-06-03T11:54:15.610+02:00 DEBUG 20180 --- [backend] [    Test worker] o.h.boot.internal.BootstrapContextImpl   : Injecting ScanOptions [org.hibernate.boot.archive.scan.internal.StandardScanOptions@7f53fc38] into BootstrapContext; was [org.hibernate.boot.archive.scan.internal.StandardScanOptions@5feb82b3]
2025-06-03T11:54:15.725+02:00 DEBUG 20180 --- [backend] [    Test worker] o.h.j.b.i.PersistenceUnitInfoDescriptor  : Pushing class transformers for PU named 'default' on loading classloader jdk.internal.loader.ClassLoaders$AppClassLoader@73d16e93
2025-06-03T11:54:17.899+02:00  INFO 20180 --- [backend] [    Test worker] o.s.o.j.p.SpringPersistenceUnitInfo      : No LoadTimeWeaver setup: ignoring JPA class transformer
2025-06-03T11:54:17.899+02:00 DEBUG 20180 --- [backend] [    Test worker] o.h.boot.internal.BootstrapContextImpl   : Injecting JPA temp ClassLoader [null] into BootstrapContext; was [org.springframework.instrument.classloading.SimpleThrowawayClassLoader@6f68756d]
2025-06-03T11:54:17.900+02:00 DEBUG 20180 --- [backend] [    Test worker] o.h.boot.internal.ClassLoaderAccessImpl  : ClassLoaderAccessImpl#injectTempClassLoader(null) [was org.springframework.instrument.classloading.SimpleThrowawayClassLoader@6f68756d]
2025-06-03T11:54:18.007+02:00  INFO 20180 --- [backend] [    Test worker] com.zaxxer.hikari.HikariDataSource       : HikariPool-1 - Starting...
2025-06-03T11:54:18.777+02:00  INFO 20180 --- [backend] [    Test worker] com.zaxxer.hikari.pool.HikariPool        : HikariPool-1 - Added connection org.mariadb.jdbc.Connection@642c5bb3
2025-06-03T11:54:18.784+02:00  INFO 20180 --- [backend] [    Test worker] com.zaxxer.hikari.HikariDataSource       : HikariPool-1 - Start completed.
2025-06-03T11:54:18.813+02:00 DEBUG 20180 --- [backend] [    Test worker] o.h.e.j.e.i.JdbcEnvironmentInitiator     : Database ->
	   name : MariaDB
	version : 10.5.26-MariaDB-0+deb11u2
	  major : 10
	  minor : 5
2025-06-03T11:54:18.817+02:00 DEBUG 20180 --- [backend] [    Test worker] o.h.e.j.e.i.JdbcEnvironmentInitiator     : Driver ->
	   name : MariaDB Connector/J
	version : 3.3.3
	  major : 3
	  minor : 3
2025-06-03T11:54:18.819+02:00 DEBUG 20180 --- [backend] [    Test worker] o.h.e.j.e.i.JdbcEnvironmentInitiator     : JDBC version : 4.2
2025-06-03T11:54:18.974+02:00  WARN 20180 --- [backend] [    Test worker] org.hibernate.orm.deprecation            : HHH90000025: MariaDBDialect does not need to be specified explicitly using 'hibernate.dialect' (remove the property setting and it will be selected by default)
2025-06-03T11:54:18.977+02:00 DEBUG 20180 --- [backend] [    Test worker] org.hibernate.orm.dialect                : HHH035001: Using dialect: org.hibernate.dialect.MariaDBDialect, version: 10.5.26
2025-06-03T11:54:19.012+02:00 DEBUG 20180 --- [backend] [    Test worker] o.h.e.j.env.spi.IdentifierHelperBuilder  : JDBC driver metadata reported database stores unquoted identifiers in neither upper, lower nor mixed case
2025-06-03T11:54:19.012+02:00 DEBUG 20180 --- [backend] [    Test worker] o.h.e.j.env.spi.IdentifierHelperBuilder  : JDBC driver metadata reported database stores quoted identifiers in neither upper, lower nor mixed case
2025-06-03T11:54:19.012+02:00 DEBUG 20180 --- [backend] [    Test worker] o.h.e.j.env.spi.IdentifierHelperBuilder  : IdentifierCaseStrategy for both quoted and unquoted identifiers was set to the same strategy [MIXED]; that will likely lead to problems in schema update and validation if using quoted identifiers
2025-06-03T11:54:19.061+02:00  INFO 20180 --- [backend] [    Test worker] org.hibernate.orm.connections.pooling    : HHH10001005: Database info:
	Database JDBC URL [Connecting through datasource 'HikariDataSource (HikariPool-1)']
	Database driver: undefined/unknown
	Database version: 10.5.26
	Autocommit mode: undefined/unknown
	Isolation level: undefined/unknown
	Minimum pool size: undefined/unknown
	Maximum pool size: undefined/unknown
2025-06-03T11:54:19.090+02:00 DEBUG 20180 --- [backend] [    Test worker] o.h.t.d.sql.spi.DdlTypeRegistry          : addDescriptor(12, org.hibernate.type.descriptor.sql.internal.CapacityDependentDdlType@625db0e0) replaced previous registration(org.hibernate.type.descriptor.sql.internal.CapacityDependentDdlType@511d568f)
2025-06-03T11:54:19.090+02:00 DEBUG 20180 --- [backend] [    Test worker] o.h.t.d.sql.spi.DdlTypeRegistry          : addDescriptor(-9, org.hibernate.type.descriptor.sql.internal.CapacityDependentDdlType@1805ca5c) replaced previous registration(org.hibernate.type.descriptor.sql.internal.CapacityDependentDdlType@3e61cffd)
2025-06-03T11:54:19.091+02:00 DEBUG 20180 --- [backend] [    Test worker] o.h.t.d.sql.spi.DdlTypeRegistry          : addDescriptor(-3, org.hibernate.type.descriptor.sql.internal.CapacityDependentDdlType@3134b261) replaced previous registration(org.hibernate.type.descriptor.sql.internal.CapacityDependentDdlType@aa633e6)
2025-06-03T11:54:19.091+02:00 DEBUG 20180 --- [backend] [    Test worker] o.h.t.d.sql.spi.DdlTypeRegistry          : addDescriptor(4003, org.hibernate.type.descriptor.sql.internal.DdlTypeImpl@3cc74fc4) replaced previous registration(org.hibernate.type.descriptor.sql.internal.DdlTypeImpl@c697186)
2025-06-03T11:54:19.091+02:00 DEBUG 20180 --- [backend] [    Test worker] o.h.t.d.sql.spi.DdlTypeRegistry          : addDescriptor(4001, org.hibernate.type.descriptor.sql.internal.DdlTypeImpl@185a7dd0) replaced previous registration(org.hibernate.type.descriptor.sql.internal.DdlTypeImpl@2358443e)
2025-06-03T11:54:19.093+02:00 DEBUG 20180 --- [backend] [    Test worker] o.h.t.d.sql.spi.DdlTypeRegistry          : addDescriptor(4002, org.hibernate.type.descriptor.sql.internal.DdlTypeImpl@25e796fe) replaced previous registration(org.hibernate.type.descriptor.sql.internal.DdlTypeImpl@62c53685)
2025-06-03T11:54:19.093+02:00 DEBUG 20180 --- [backend] [    Test worker] o.h.t.d.sql.spi.DdlTypeRegistry          : addDescriptor(2004, org.hibernate.type.descriptor.sql.internal.CapacityDependentDdlType@29ba63f0) replaced previous registration(org.hibernate.type.descriptor.sql.internal.DdlTypeImpl@4822ab4d)
2025-06-03T11:54:19.094+02:00 DEBUG 20180 --- [backend] [    Test worker] o.h.t.d.sql.spi.DdlTypeRegistry          : addDescriptor(2005, org.hibernate.type.descriptor.sql.internal.CapacityDependentDdlType@516b84d1) replaced previous registration(org.hibernate.type.descriptor.sql.internal.DdlTypeImpl@1ad1f167)
2025-06-03T11:54:19.094+02:00 DEBUG 20180 --- [backend] [    Test worker] o.h.t.d.sql.spi.DdlTypeRegistry          : addDescriptor(2011, org.hibernate.type.descriptor.sql.internal.CapacityDependentDdlType@608eb42e) replaced previous registration(org.hibernate.type.descriptor.sql.internal.DdlTypeImpl@3d2b13b1)
2025-06-03T11:54:19.123+02:00 DEBUG 20180 --- [backend] [    Test worker] org.hibernate.type.BasicTypeRegistry     : Adding type registration null -> org.hibernate.type.NullType@2a504ea7
2025-06-03T11:54:19.123+02:00 DEBUG 20180 --- [backend] [    Test worker] org.hibernate.type.BasicTypeRegistry     : Type registration key [null] overrode previous entry : `org.hibernate.type.NullType@37806be6`
2025-06-03T11:54:19.135+02:00 DEBUG 20180 --- [backend] [    Test worker] org.hibernate.type.BasicTypeRegistry     : Adding type registration org.hibernate.type.DurationType -> basicType@1(java.time.Duration,3015)
2025-06-03T11:54:19.139+02:00 DEBUG 20180 --- [backend] [    Test worker] org.hibernate.type.BasicTypeRegistry     : Adding type registration Duration -> basicType@1(java.time.Duration,3015)
2025-06-03T11:54:19.139+02:00 DEBUG 20180 --- [backend] [    Test worker] org.hibernate.type.BasicTypeRegistry     : Adding type registration java.time.Duration -> basicType@1(java.time.Duration,3015)
2025-06-03T11:54:19.147+02:00 DEBUG 20180 --- [backend] [    Test worker] org.hibernate.type.BasicTypeRegistry     : Adding type registration org.hibernate.type.OffsetDateTimeType -> basicType@2(java.time.OffsetDateTime,3003)
2025-06-03T11:54:19.147+02:00 DEBUG 20180 --- [backend] [    Test worker] org.hibernate.type.BasicTypeRegistry     : Adding type registration OffsetDateTime -> basicType@2(java.time.OffsetDateTime,3003)
2025-06-03T11:54:19.148+02:00 DEBUG 20180 --- [backend] [    Test worker] org.hibernate.type.BasicTypeRegistry     : Adding type registration java.time.OffsetDateTime -> basicType@2(java.time.OffsetDateTime,3003)
2025-06-03T11:54:19.148+02:00 DEBUG 20180 --- [backend] [    Test worker] org.hibernate.type.BasicTypeRegistry     : Adding type registration org.hibernate.type.ZonedDateTimeType -> basicType@3(java.time.ZonedDateTime,3003)
2025-06-03T11:54:19.148+02:00 DEBUG 20180 --- [backend] [    Test worker] org.hibernate.type.BasicTypeRegistry     : Adding type registration ZonedDateTime -> basicType@3(java.time.ZonedDateTime,3003)
2025-06-03T11:54:19.150+02:00 DEBUG 20180 --- [backend] [    Test worker] org.hibernate.type.BasicTypeRegistry     : Adding type registration java.time.ZonedDateTime -> basicType@3(java.time.ZonedDateTime,3003)
2025-06-03T11:54:19.151+02:00 DEBUG 20180 --- [backend] [    Test worker] org.hibernate.type.BasicTypeRegistry     : Adding type registration org.hibernate.type.OffsetTimeType -> basicType@4(java.time.OffsetTime,3007)
2025-06-03T11:54:19.151+02:00 DEBUG 20180 --- [backend] [    Test worker] org.hibernate.type.BasicTypeRegistry     : Adding type registration OffsetTime -> basicType@4(java.time.OffsetTime,3007)
2025-06-03T11:54:19.151+02:00 DEBUG 20180 --- [backend] [    Test worker] org.hibernate.type.BasicTypeRegistry     : Adding type registration java.time.OffsetTime -> basicType@4(java.time.OffsetTime,3007)
2025-06-03T11:54:19.155+02:00 DEBUG 20180 --- [backend] [    Test worker] o.h.type.spi.TypeConfiguration$Scope     : Scoping TypeConfiguration [org.hibernate.type.spi.TypeConfiguration@798b36fd] to MetadataBuildingContext [org.hibernate.boot.internal.MetadataBuildingContextRootImpl@18ff1520]
2025-06-03T11:54:19.242+02:00 DEBUG 20180 --- [backend] [    Test worker] o.h.boot.model.relational.Namespace      : Created database namespace [logicalName=Name{catalog=null, schema=null}, physicalName=Name{catalog=null, schema=null}]
2025-06-03T11:54:19.308+02:00 DEBUG 20180 --- [backend] [    Test worker] o.h.boot.model.internal.EntityBinder     : Binding entity from annotated class: backend.model.Jelo
2025-06-03T11:54:19.343+02:00 DEBUG 20180 --- [backend] [    Test worker] o.h.boot.model.internal.EntityBinder     : Import with entity name Jelo
2025-06-03T11:54:19.363+02:00 DEBUG 20180 --- [backend] [    Test worker] o.h.boot.model.internal.EntityBinder     : Bind entity backend.model.Jelo on table fc_jelo
2025-06-03T11:54:19.394+02:00 DEBUG 20180 --- [backend] [    Test worker] o.h.boot.model.internal.AnnotatedColumn  : Binding column: AnnotatedDiscriminatorColumn(column='DTYPE')
2025-06-03T11:54:19.456+02:00 DEBUG 20180 --- [backend] [    Test worker] o.h.boot.model.internal.AnnotatedColumn  : Binding column: AnnotatedColumn(column='id_jela')
2025-06-03T11:54:19.461+02:00 DEBUG 20180 --- [backend] [    Test worker] o.h.boot.internal.ClassLoaderAccessImpl  : Not known whether passed class name [backend.model.Jelo] is safe
2025-06-03T11:54:19.461+02:00 DEBUG 20180 --- [backend] [    Test worker] o.h.boot.internal.ClassLoaderAccessImpl  : No temp ClassLoader provided; using live ClassLoader for loading potentially unsafe class : backend.model.Jelo
2025-06-03T11:54:19.474+02:00 DEBUG 20180 --- [backend] [    Test worker] o.h.boot.model.internal.PropertyBinder   : MetadataSourceProcessor property id with lazy=false
2025-06-03T11:54:19.495+02:00 DEBUG 20180 --- [backend] [    Test worker] o.h.b.m.internal.AbstractPropertyHolder  : Attempting to locate auto-apply AttributeConverter for property [backend.model.Jelo:id]
2025-06-03T11:54:19.514+02:00 DEBUG 20180 --- [backend] [    Test worker] o.h.b.model.internal.BasicValueBinder    : building BasicValue for id
2025-06-03T11:54:19.533+02:00 DEBUG 20180 --- [backend] [    Test worker] org.hibernate.mapping.BasicValue         : Skipping column re-registration: fc_jelo.id_jela
2025-06-03T11:54:19.544+02:00 DEBUG 20180 --- [backend] [    Test worker] o.h.boot.model.internal.PropertyBinder   : Building property id
2025-06-03T11:54:19.568+02:00 DEBUG 20180 --- [backend] [    Test worker] o.h.boot.model.internal.BinderHelper     : #makeIdGenerator(BasicValue([Column(id_jela)]), id, identity, , ...)
2025-06-03T11:54:19.575+02:00 DEBUG 20180 --- [backend] [    Test worker] o.h.boot.model.internal.AnnotatedColumn  : Binding column: AnnotatedColumn(column='cijena_jela')
2025-06-03T11:54:19.576+02:00 DEBUG 20180 --- [backend] [    Test worker] o.h.boot.model.internal.PropertyBinder   : MetadataSourceProcessor property cijena with lazy=false
2025-06-03T11:54:19.578+02:00 DEBUG 20180 --- [backend] [    Test worker] o.h.b.m.internal.AbstractPropertyHolder  : Attempting to locate auto-apply AttributeConverter for property [backend.model.Jelo:cijena]
2025-06-03T11:54:19.579+02:00 DEBUG 20180 --- [backend] [    Test worker] o.h.b.model.internal.BasicValueBinder    : building BasicValue for cijena
2025-06-03T11:54:19.581+02:00 DEBUG 20180 --- [backend] [    Test worker] org.hibernate.mapping.BasicValue         : Skipping column re-registration: fc_jelo.cijena_jela
2025-06-03T11:54:19.582+02:00 DEBUG 20180 --- [backend] [    Test worker] o.h.boot.model.internal.PropertyBinder   : Building property cijena
2025-06-03T11:54:19.585+02:00 DEBUG 20180 --- [backend] [    Test worker] o.h.boot.model.internal.AnnotatedColumn  : Binding column: AnnotatedColumn(column='img_path')
2025-06-03T11:54:19.590+02:00 DEBUG 20180 --- [backend] [    Test worker] o.h.boot.model.internal.PropertyBinder   : MetadataSourceProcessor property imgPath with lazy=false
2025-06-03T11:54:19.590+02:00 DEBUG 20180 --- [backend] [    Test worker] o.h.b.m.internal.AbstractPropertyHolder  : Attempting to locate auto-apply AttributeConverter for property [backend.model.Jelo:imgPath]
2025-06-03T11:54:19.590+02:00 DEBUG 20180 --- [backend] [    Test worker] o.h.b.model.internal.BasicValueBinder    : building BasicValue for imgPath
2025-06-03T11:54:19.591+02:00 DEBUG 20180 --- [backend] [    Test worker] org.hibernate.mapping.BasicValue         : Skipping column re-registration: fc_jelo.img_path
2025-06-03T11:54:19.591+02:00 DEBUG 20180 --- [backend] [    Test worker] o.h.boot.model.internal.PropertyBinder   : Building property imgPath
2025-06-03T11:54:19.592+02:00 DEBUG 20180 --- [backend] [    Test worker] o.h.boot.model.internal.AnnotatedColumn  : Binding column: AnnotatedColumn(column='naziv_jela')
2025-06-03T11:54:19.592+02:00 DEBUG 20180 --- [backend] [    Test worker] o.h.boot.model.internal.PropertyBinder   : MetadataSourceProcessor property naziv with lazy=false
2025-06-03T11:54:19.592+02:00 DEBUG 20180 --- [backend] [    Test worker] o.h.b.m.internal.AbstractPropertyHolder  : Attempting to locate auto-apply AttributeConverter for property [backend.model.Jelo:naziv]
2025-06-03T11:54:19.593+02:00 DEBUG 20180 --- [backend] [    Test worker] o.h.b.model.internal.BasicValueBinder    : building BasicValue for naziv
2025-06-03T11:54:19.593+02:00 DEBUG 20180 --- [backend] [    Test worker] org.hibernate.mapping.BasicValue         : Skipping column re-registration: fc_jelo.naziv_jela
2025-06-03T11:54:19.594+02:00 DEBUG 20180 --- [backend] [    Test worker] o.h.boot.model.internal.PropertyBinder   : Building property naziv
2025-06-03T11:54:19.595+02:00 DEBUG 20180 --- [backend] [    Test worker] o.h.boot.model.internal.AnnotatedColumn  : Binding column: AnnotatedColumn(column='nutritivne_vrijednosti')
2025-06-03T11:54:19.595+02:00 DEBUG 20180 --- [backend] [    Test worker] o.h.boot.model.internal.PropertyBinder   : MetadataSourceProcessor property nutritivneVrijednosti with lazy=false
2025-06-03T11:54:19.599+02:00 DEBUG 20180 --- [backend] [    Test worker] o.h.b.m.internal.AbstractPropertyHolder  : Attempting to locate auto-apply AttributeConverter for property [backend.model.Jelo:nutritivneVrijednosti]
2025-06-03T11:54:19.600+02:00 DEBUG 20180 --- [backend] [    Test worker] o.h.b.model.internal.BasicValueBinder    : building BasicValue for nutritivneVrijednosti
2025-06-03T11:54:19.605+02:00 DEBUG 20180 --- [backend] [    Test worker] org.hibernate.mapping.BasicValue         : Skipping column re-registration: fc_jelo.nutritivne_vrijednosti
2025-06-03T11:54:19.605+02:00 DEBUG 20180 --- [backend] [    Test worker] o.h.boot.model.internal.PropertyBinder   : Building property nutritivneVrijednosti
2025-06-03T11:54:19.621+02:00 DEBUG 20180 --- [backend] [    Test worker] o.h.boot.model.internal.AnnotatedColumn  : Binding column: AnnotatedColumn(column='opis_jela')
2025-06-03T11:54:19.622+02:00 DEBUG 20180 --- [backend] [    Test worker] o.h.boot.model.internal.PropertyBinder   : MetadataSourceProcessor property opis with lazy=false
2025-06-03T11:54:19.623+02:00 DEBUG 20180 --- [backend] [    Test worker] o.h.b.m.internal.AbstractPropertyHolder  : Attempting to locate auto-apply AttributeConverter for property [backend.model.Jelo:opis]
2025-06-03T11:54:19.624+02:00 DEBUG 20180 --- [backend] [    Test worker] o.h.b.model.internal.BasicValueBinder    : building BasicValue for opis
2025-06-03T11:54:19.624+02:00 DEBUG 20180 --- [backend] [    Test worker] org.hibernate.mapping.BasicValue         : Skipping column re-registration: fc_jelo.opis_jela
2025-06-03T11:54:19.625+02:00 DEBUG 20180 --- [backend] [    Test worker] o.h.boot.model.internal.PropertyBinder   : Building property opis
2025-06-03T11:54:19.630+02:00 DEBUG 20180 --- [backend] [    Test worker] o.h.b.r.c.i.ClassLoaderServiceImpl       : HHH000194: Package not found or no package-info.java: backend.model
2025-06-03T11:54:19.654+02:00 DEBUG 20180 --- [backend] [    Test worker] o.h.boot.model.internal.EntityBinder     : Binding entity from annotated class: backend.model.Korisnik
2025-06-03T11:54:19.655+02:00 DEBUG 20180 --- [backend] [    Test worker] o.h.boot.model.internal.EntityBinder     : Import with entity name Korisnik
2025-06-03T11:54:19.655+02:00 DEBUG 20180 --- [backend] [    Test worker] o.h.boot.model.internal.EntityBinder     : Bind entity backend.model.Korisnik on table fc_korisnik
2025-06-03T11:54:19.657+02:00 DEBUG 20180 --- [backend] [    Test worker] o.h.boot.model.internal.AnnotatedColumn  : Binding column: AnnotatedDiscriminatorColumn(column='DTYPE')
2025-06-03T11:54:19.674+02:00 DEBUG 20180 --- [backend] [    Test worker] o.h.boot.model.internal.AnnotatedColumn  : Binding column: AnnotatedColumn(column='id_korisnika')
2025-06-03T11:54:19.674+02:00 DEBUG 20180 --- [backend] [    Test worker] o.h.boot.internal.ClassLoaderAccessImpl  : Not known whether passed class name [backend.model.Korisnik] is safe
2025-06-03T11:54:19.674+02:00 DEBUG 20180 --- [backend] [    Test worker] o.h.boot.internal.ClassLoaderAccessImpl  : No temp ClassLoader provided; using live ClassLoader for loading potentially unsafe class : backend.model.Korisnik
2025-06-03T11:54:19.675+02:00 DEBUG 20180 --- [backend] [    Test worker] o.h.boot.model.internal.PropertyBinder   : MetadataSourceProcessor property idKorisnika with lazy=false
2025-06-03T11:54:19.675+02:00 DEBUG 20180 --- [backend] [    Test worker] o.h.b.m.internal.AbstractPropertyHolder  : Attempting to locate auto-apply AttributeConverter for property [backend.model.Korisnik:idKorisnika]
2025-06-03T11:54:19.675+02:00 DEBUG 20180 --- [backend] [    Test worker] o.h.b.model.internal.BasicValueBinder    : building BasicValue for idKorisnika
2025-06-03T11:54:19.675+02:00 DEBUG 20180 --- [backend] [    Test worker] org.hibernate.mapping.BasicValue         : Skipping column re-registration: fc_korisnik.id_korisnika
2025-06-03T11:54:19.675+02:00 DEBUG 20180 --- [backend] [    Test worker] o.h.boot.model.internal.PropertyBinder   : Building property idKorisnika
2025-06-03T11:54:19.677+02:00 DEBUG 20180 --- [backend] [    Test worker] o.h.boot.model.internal.BinderHelper     : #makeIdGenerator(BasicValue([Column(id_korisnika)]), idKorisnika, identity, , ...)
2025-06-03T11:54:19.691+02:00 DEBUG 20180 --- [backend] [    Test worker] o.h.boot.model.internal.AnnotatedColumn  : Binding column: AnnotatedColumn(column='email_korisnika')
2025-06-03T11:54:19.691+02:00 DEBUG 20180 --- [backend] [    Test worker] o.h.boot.model.internal.PropertyBinder   : MetadataSourceProcessor property emailKorisnika with lazy=false
2025-06-03T11:54:19.691+02:00 DEBUG 20180 --- [backend] [    Test worker] o.h.b.m.internal.AbstractPropertyHolder  : Attempting to locate auto-apply AttributeConverter for property [backend.model.Korisnik:emailKorisnika]
2025-06-03T11:54:19.691+02:00 DEBUG 20180 --- [backend] [    Test worker] o.h.b.model.internal.BasicValueBinder    : building BasicValue for emailKorisnika
2025-06-03T11:54:19.691+02:00 DEBUG 20180 --- [backend] [    Test worker] org.hibernate.mapping.BasicValue         : Skipping column re-registration: fc_korisnik.email_korisnika
2025-06-03T11:54:19.691+02:00 DEBUG 20180 --- [backend] [    Test worker] o.h.boot.model.internal.PropertyBinder   : Building property emailKorisnika
2025-06-03T11:54:19.692+02:00 DEBUG 20180 --- [backend] [    Test worker] o.h.boot.model.internal.AnnotatedColumn  : Binding column: AnnotatedColumn(column='ime_korisnika')
2025-06-03T11:54:19.692+02:00 DEBUG 20180 --- [backend] [    Test worker] o.h.boot.model.internal.PropertyBinder   : MetadataSourceProcessor property imeKorisnika with lazy=false
2025-06-03T11:54:19.692+02:00 DEBUG 20180 --- [backend] [    Test worker] o.h.b.m.internal.AbstractPropertyHolder  : Attempting to locate auto-apply AttributeConverter for property [backend.model.Korisnik:imeKorisnika]
2025-06-03T11:54:19.692+02:00 DEBUG 20180 --- [backend] [    Test worker] o.h.b.model.internal.BasicValueBinder    : building BasicValue for imeKorisnika
2025-06-03T11:54:19.693+02:00 DEBUG 20180 --- [backend] [    Test worker] org.hibernate.mapping.BasicValue         : Skipping column re-registration: fc_korisnik.ime_korisnika
2025-06-03T11:54:19.693+02:00 DEBUG 20180 --- [backend] [    Test worker] o.h.boot.model.internal.PropertyBinder   : Building property imeKorisnika
2025-06-03T11:54:19.693+02:00 DEBUG 20180 --- [backend] [    Test worker] o.h.boot.model.internal.AnnotatedColumn  : Binding column: AnnotatedColumn(column='lozinka_korisnika')
2025-06-03T11:54:19.693+02:00 DEBUG 20180 --- [backend] [    Test worker] o.h.boot.model.internal.PropertyBinder   : MetadataSourceProcessor property lozinkaKorisnika with lazy=false
2025-06-03T11:54:19.695+02:00 DEBUG 20180 --- [backend] [    Test worker] o.h.b.m.internal.AbstractPropertyHolder  : Attempting to locate auto-apply AttributeConverter for property [backend.model.Korisnik:lozinkaKorisnika]
2025-06-03T11:54:19.695+02:00 DEBUG 20180 --- [backend] [    Test worker] o.h.b.model.internal.BasicValueBinder    : building BasicValue for lozinkaKorisnika
2025-06-03T11:54:19.695+02:00 DEBUG 20180 --- [backend] [    Test worker] org.hibernate.mapping.BasicValue         : Skipping column re-registration: fc_korisnik.lozinka_korisnika
2025-06-03T11:54:19.695+02:00 DEBUG 20180 --- [backend] [    Test worker] o.h.boot.model.internal.PropertyBinder   : Building property lozinkaKorisnika
2025-06-03T11:54:19.698+02:00 DEBUG 20180 --- [backend] [    Test worker] o.h.boot.model.internal.AnnotatedColumn  : Binding column: AnnotatedColumn(column='mob_korisnika')
2025-06-03T11:54:19.702+02:00 DEBUG 20180 --- [backend] [    Test worker] o.h.boot.model.internal.PropertyBinder   : MetadataSourceProcessor property phone with lazy=false
2025-06-03T11:54:19.702+02:00 DEBUG 20180 --- [backend] [    Test worker] o.h.b.m.internal.AbstractPropertyHolder  : Attempting to locate auto-apply AttributeConverter for property [backend.model.Korisnik:phone]
2025-06-03T11:54:19.704+02:00 DEBUG 20180 --- [backend] [    Test worker] o.h.b.model.internal.BasicValueBinder    : building BasicValue for phone
2025-06-03T11:54:19.705+02:00 DEBUG 20180 --- [backend] [    Test worker] org.hibernate.mapping.BasicValue         : Skipping column re-registration: fc_korisnik.mob_korisnika
2025-06-03T11:54:19.706+02:00 DEBUG 20180 --- [backend] [    Test worker] o.h.boot.model.internal.PropertyBinder   : Building property phone
2025-06-03T11:54:19.711+02:00 DEBUG 20180 --- [backend] [    Test worker] o.h.boot.model.internal.AnnotatedColumn  : Binding column: AnnotatedJoinColumn(column='pretplata_id')
2025-06-03T11:54:19.716+02:00 DEBUG 20180 --- [backend] [    Test worker] o.h.boot.model.internal.AnnotatedColumn  : Binding column: AnnotatedColumn()
2025-06-03T11:54:19.733+02:00 DEBUG 20180 --- [backend] [    Test worker] o.h.boot.model.internal.PropertyBinder   : Building property pretplata
2025-06-03T11:54:19.734+02:00 DEBUG 20180 --- [backend] [    Test worker] o.h.boot.model.internal.AnnotatedColumn  : Binding column: AnnotatedColumn(column='prezime_korisnika')
2025-06-03T11:54:19.735+02:00 DEBUG 20180 --- [backend] [    Test worker] o.h.boot.model.internal.PropertyBinder   : MetadataSourceProcessor property prezimeKorisnika with lazy=false
2025-06-03T11:54:19.735+02:00 DEBUG 20180 --- [backend] [    Test worker] o.h.b.m.internal.AbstractPropertyHolder  : Attempting to locate auto-apply AttributeConverter for property [backend.model.Korisnik:prezimeKorisnika]
2025-06-03T11:54:19.736+02:00 DEBUG 20180 --- [backend] [    Test worker] o.h.b.model.internal.BasicValueBinder    : building BasicValue for prezimeKorisnika
2025-06-03T11:54:19.739+02:00 DEBUG 20180 --- [backend] [    Test worker] org.hibernate.mapping.BasicValue         : Skipping column re-registration: fc_korisnik.prezime_korisnika
2025-06-03T11:54:19.739+02:00 DEBUG 20180 --- [backend] [    Test worker] o.h.boot.model.internal.PropertyBinder   : Building property prezimeKorisnika
2025-06-03T11:54:19.740+02:00 DEBUG 20180 --- [backend] [    Test worker] o.h.boot.model.internal.AnnotatedColumn  : Binding column: AnnotatedColumn(column='role')
2025-06-03T11:54:19.741+02:00 DEBUG 20180 --- [backend] [    Test worker] o.h.boot.model.internal.PropertyBinder   : MetadataSourceProcessor property role with lazy=false
2025-06-03T11:54:19.741+02:00 DEBUG 20180 --- [backend] [    Test worker] o.h.b.m.internal.AbstractPropertyHolder  : Attempting to locate auto-apply AttributeConverter for property [backend.model.Korisnik:role]
2025-06-03T11:54:19.741+02:00 DEBUG 20180 --- [backend] [    Test worker] o.h.b.model.internal.BasicValueBinder    : building BasicValue for role
2025-06-03T11:54:19.741+02:00 DEBUG 20180 --- [backend] [    Test worker] org.hibernate.mapping.BasicValue         : Skipping column re-registration: fc_korisnik.role
2025-06-03T11:54:19.741+02:00 DEBUG 20180 --- [backend] [    Test worker] o.h.boot.model.internal.PropertyBinder   : Building property role
2025-06-03T11:54:19.743+02:00 DEBUG 20180 --- [backend] [    Test worker] o.h.b.r.c.i.ClassLoaderServiceImpl       : HHH000194: Package not found or no package-info.java: backend.model
2025-06-03T11:54:19.744+02:00 DEBUG 20180 --- [backend] [    Test worker] o.h.boot.model.internal.EntityBinder     : Binding entity from annotated class: backend.model.Pretplata
2025-06-03T11:54:19.745+02:00 DEBUG 20180 --- [backend] [    Test worker] o.h.boot.model.internal.EntityBinder     : Import with entity name Pretplata
2025-06-03T11:54:19.748+02:00 DEBUG 20180 --- [backend] [    Test worker] o.h.boot.model.internal.EntityBinder     : Bind entity backend.model.Pretplata on table fc_pretplata
2025-06-03T11:54:19.750+02:00 DEBUG 20180 --- [backend] [    Test worker] o.h.boot.model.internal.AnnotatedColumn  : Binding column: AnnotatedDiscriminatorColumn(column='DTYPE')
2025-06-03T11:54:19.752+02:00 DEBUG 20180 --- [backend] [    Test worker] o.h.boot.model.internal.AnnotatedColumn  : Binding column: AnnotatedColumn()
2025-06-03T11:54:19.752+02:00 DEBUG 20180 --- [backend] [    Test worker] o.h.boot.internal.ClassLoaderAccessImpl  : Not known whether passed class name [backend.model.Pretplata] is safe
2025-06-03T11:54:19.752+02:00 DEBUG 20180 --- [backend] [    Test worker] o.h.boot.internal.ClassLoaderAccessImpl  : No temp ClassLoader provided; using live ClassLoader for loading potentially unsafe class : backend.model.Pretplata
2025-06-03T11:54:19.755+02:00 DEBUG 20180 --- [backend] [    Test worker] o.h.boot.model.internal.PropertyBinder   : MetadataSourceProcessor property idPretplata with lazy=false
2025-06-03T11:54:19.755+02:00 DEBUG 20180 --- [backend] [    Test worker] o.h.b.m.internal.AbstractPropertyHolder  : Attempting to locate auto-apply AttributeConverter for property [backend.model.Pretplata:idPretplata]
2025-06-03T11:54:19.756+02:00 DEBUG 20180 --- [backend] [    Test worker] o.h.b.model.internal.BasicValueBinder    : building BasicValue for idPretplata
2025-06-03T11:54:19.757+02:00 DEBUG 20180 --- [backend] [    Test worker] org.hibernate.mapping.BasicValue         : Skipping column re-registration: fc_pretplata.id_pretplata
2025-06-03T11:54:19.759+02:00 DEBUG 20180 --- [backend] [    Test worker] o.h.boot.model.internal.PropertyBinder   : Building property idPretplata
2025-06-03T11:54:19.759+02:00 DEBUG 20180 --- [backend] [    Test worker] o.h.boot.model.internal.BinderHelper     : #makeIdGenerator(BasicValue([Column(id_pretplata)]), idPretplata, identity, , ...)
2025-06-03T11:54:19.760+02:00 DEBUG 20180 --- [backend] [    Test worker] o.h.boot.model.internal.AnnotatedColumn  : Binding column: AnnotatedColumn()
2025-06-03T11:54:19.760+02:00 DEBUG 20180 --- [backend] [    Test worker] o.h.boot.model.internal.PropertyBinder   : MetadataSourceProcessor property tipPretplate with lazy=false
2025-06-03T11:54:19.761+02:00 DEBUG 20180 --- [backend] [    Test worker] o.h.b.m.internal.AbstractPropertyHolder  : Attempting to locate auto-apply AttributeConverter for property [backend.model.Pretplata:tipPretplate]
2025-06-03T11:54:19.762+02:00 DEBUG 20180 --- [backend] [    Test worker] o.h.b.model.internal.BasicValueBinder    : building BasicValue for tipPretplate
2025-06-03T11:54:19.762+02:00 DEBUG 20180 --- [backend] [    Test worker] org.hibernate.mapping.BasicValue         : Skipping column re-registration: fc_pretplata.tip_pretplate
2025-06-03T11:54:19.763+02:00 DEBUG 20180 --- [backend] [    Test worker] o.h.boot.model.internal.PropertyBinder   : Building property tipPretplate
2025-06-03T11:54:19.768+02:00 DEBUG 20180 --- [backend] [    Test worker] o.h.b.r.c.i.ClassLoaderServiceImpl       : HHH000194: Package not found or no package-info.java: backend.model
2025-06-03T11:54:19.772+02:00 DEBUG 20180 --- [backend] [    Test worker] o.h.boot.model.internal.EntityBinder     : Binding entity from annotated class: backend.model.PretplataPoKorisniku
2025-06-03T11:54:19.773+02:00 DEBUG 20180 --- [backend] [    Test worker] o.h.boot.model.internal.EntityBinder     : Import with entity name PretplataPoKorisniku
2025-06-03T11:54:19.773+02:00 DEBUG 20180 --- [backend] [    Test worker] o.h.boot.model.internal.EntityBinder     : Bind entity backend.model.PretplataPoKorisniku on table fc_pretplata_po_korisniku
2025-06-03T11:54:19.773+02:00 DEBUG 20180 --- [backend] [    Test worker] o.h.boot.model.internal.AnnotatedColumn  : Binding column: AnnotatedDiscriminatorColumn(column='DTYPE')
2025-06-03T11:54:19.775+02:00 DEBUG 20180 --- [backend] [    Test worker] o.h.boot.model.internal.AnnotatedColumn  : Binding column: AnnotatedColumn()
2025-06-03T11:54:19.775+02:00 DEBUG 20180 --- [backend] [    Test worker] o.h.boot.internal.ClassLoaderAccessImpl  : Not known whether passed class name [backend.model.PretplataPoKorisniku] is safe
2025-06-03T11:54:19.775+02:00 DEBUG 20180 --- [backend] [    Test worker] o.h.boot.internal.ClassLoaderAccessImpl  : No temp ClassLoader provided; using live ClassLoader for loading potentially unsafe class : backend.model.PretplataPoKorisniku
2025-06-03T11:54:19.776+02:00 DEBUG 20180 --- [backend] [    Test worker] o.h.boot.model.internal.PropertyBinder   : MetadataSourceProcessor property idPretplatePoKorisniku with lazy=false
2025-06-03T11:54:19.777+02:00 DEBUG 20180 --- [backend] [    Test worker] o.h.b.m.internal.AbstractPropertyHolder  : Attempting to locate auto-apply AttributeConverter for property [backend.model.PretplataPoKorisniku:idPretplatePoKorisniku]
2025-06-03T11:54:19.777+02:00 DEBUG 20180 --- [backend] [    Test worker] o.h.b.model.internal.BasicValueBinder    : building BasicValue for idPretplatePoKorisniku
2025-06-03T11:54:19.777+02:00 DEBUG 20180 --- [backend] [    Test worker] org.hibernate.mapping.BasicValue         : Skipping column re-registration: fc_pretplata_po_korisniku.id_pretplate_po_korisniku
2025-06-03T11:54:19.777+02:00 DEBUG 20180 --- [backend] [    Test worker] o.h.boot.model.internal.PropertyBinder   : Building property idPretplatePoKorisniku
2025-06-03T11:54:19.777+02:00 DEBUG 20180 --- [backend] [    Test worker] o.h.boot.model.internal.BinderHelper     : #makeIdGenerator(BasicValue([Column(id_pretplate_po_korisniku)]), idPretplatePoKorisniku, identity, , ...)
2025-06-03T11:54:19.780+02:00 DEBUG 20180 --- [backend] [    Test worker] o.h.boot.model.internal.AnnotatedColumn  : Binding column: AnnotatedColumn()
2025-06-03T11:54:19.780+02:00 DEBUG 20180 --- [backend] [    Test worker] o.h.boot.model.internal.PropertyBinder   : MetadataSourceProcessor property datumPocetka with lazy=false
2025-06-03T11:54:19.781+02:00 DEBUG 20180 --- [backend] [    Test worker] o.h.b.m.internal.AbstractPropertyHolder  : Attempting to locate auto-apply AttributeConverter for property [backend.model.PretplataPoKorisniku:datumPocetka]
2025-06-03T11:54:19.781+02:00 DEBUG 20180 --- [backend] [    Test worker] o.h.b.model.internal.BasicValueBinder    : building BasicValue for datumPocetka
2025-06-03T11:54:19.781+02:00 DEBUG 20180 --- [backend] [    Test worker] org.hibernate.mapping.BasicValue         : Skipping column re-registration: fc_pretplata_po_korisniku.datum_pocetka
2025-06-03T11:54:19.782+02:00 DEBUG 20180 --- [backend] [    Test worker] o.h.boot.model.internal.PropertyBinder   : Building property datumPocetka
2025-06-03T11:54:19.785+02:00 DEBUG 20180 --- [backend] [    Test worker] o.h.boot.model.internal.AnnotatedColumn  : Binding column: AnnotatedColumn()
2025-06-03T11:54:19.785+02:00 DEBUG 20180 --- [backend] [    Test worker] o.h.boot.model.internal.PropertyBinder   : MetadataSourceProcessor property datumZavrsetka with lazy=false
2025-06-03T11:54:19.785+02:00 DEBUG 20180 --- [backend] [    Test worker] o.h.b.m.internal.AbstractPropertyHolder  : Attempting to locate auto-apply AttributeConverter for property [backend.model.PretplataPoKorisniku:datumZavrsetka]
2025-06-03T11:54:19.785+02:00 DEBUG 20180 --- [backend] [    Test worker] o.h.b.model.internal.BasicValueBinder    : building BasicValue for datumZavrsetka
2025-06-03T11:54:19.786+02:00 DEBUG 20180 --- [backend] [    Test worker] org.hibernate.mapping.BasicValue         : Skipping column re-registration: fc_pretplata_po_korisniku.datum_zavrsetka
2025-06-03T11:54:19.790+02:00 DEBUG 20180 --- [backend] [    Test worker] o.h.boot.model.internal.PropertyBinder   : Building property datumZavrsetka
2025-06-03T11:54:19.790+02:00 DEBUG 20180 --- [backend] [    Test worker] o.h.boot.model.internal.AnnotatedColumn  : Binding column: AnnotatedJoinColumn(column='id_korisnika')
2025-06-03T11:54:19.792+02:00 DEBUG 20180 --- [backend] [    Test worker] o.h.boot.model.internal.AnnotatedColumn  : Binding column: AnnotatedColumn()
2025-06-03T11:54:19.794+02:00 DEBUG 20180 --- [backend] [    Test worker] o.h.boot.model.internal.PropertyBinder   : Building property korisnik
2025-06-03T11:54:19.795+02:00 DEBUG 20180 --- [backend] [    Test worker] o.h.boot.model.internal.AnnotatedColumn  : Binding column: AnnotatedJoinColumn(column='id_pretplate')
2025-06-03T11:54:19.805+02:00 DEBUG 20180 --- [backend] [    Test worker] o.h.boot.model.internal.AnnotatedColumn  : Binding column: AnnotatedColumn()
2025-06-03T11:54:19.805+02:00 DEBUG 20180 --- [backend] [    Test worker] o.h.boot.model.internal.PropertyBinder   : Building property pretplata
2025-06-03T11:54:19.805+02:00 DEBUG 20180 --- [backend] [    Test worker] o.h.boot.model.internal.AnnotatedColumn  : Binding column: AnnotatedColumn()
2025-06-03T11:54:19.807+02:00 DEBUG 20180 --- [backend] [    Test worker] o.h.boot.model.internal.PropertyBinder   : MetadataSourceProcessor property status with lazy=false
2025-06-03T11:54:19.807+02:00 DEBUG 20180 --- [backend] [    Test worker] o.h.b.m.internal.AbstractPropertyHolder  : Attempting to locate auto-apply AttributeConverter for property [backend.model.PretplataPoKorisniku:status]
2025-06-03T11:54:19.808+02:00 DEBUG 20180 --- [backend] [    Test worker] o.h.b.model.internal.BasicValueBinder    : building BasicValue for status
2025-06-03T11:54:19.808+02:00 DEBUG 20180 --- [backend] [    Test worker] org.hibernate.mapping.BasicValue         : Skipping column re-registration: fc_pretplata_po_korisniku.status
2025-06-03T11:54:19.808+02:00 DEBUG 20180 --- [backend] [    Test worker] o.h.boot.model.internal.PropertyBinder   : Building property status
2025-06-03T11:54:19.808+02:00 DEBUG 20180 --- [backend] [    Test worker] o.h.boot.model.internal.AnnotatedColumn  : Binding column: AnnotatedColumn()
2025-06-03T11:54:19.809+02:00 DEBUG 20180 --- [backend] [    Test worker] o.h.boot.model.internal.PropertyBinder   : MetadataSourceProcessor property tipPlacanja with lazy=false
2025-06-03T11:54:19.809+02:00 DEBUG 20180 --- [backend] [    Test worker] o.h.b.m.internal.AbstractPropertyHolder  : Attempting to locate auto-apply AttributeConverter for property [backend.model.PretplataPoKorisniku:tipPlacanja]
2025-06-03T11:54:19.809+02:00 DEBUG 20180 --- [backend] [    Test worker] o.h.b.model.internal.BasicValueBinder    : building BasicValue for tipPlacanja
2025-06-03T11:54:19.809+02:00 DEBUG 20180 --- [backend] [    Test worker] org.hibernate.mapping.BasicValue         : Skipping column re-registration: fc_pretplata_po_korisniku.tip_placanja
2025-06-03T11:54:19.809+02:00 DEBUG 20180 --- [backend] [    Test worker] o.h.boot.model.internal.PropertyBinder   : Building property tipPlacanja
2025-06-03T11:54:19.811+02:00 DEBUG 20180 --- [backend] [    Test worker] o.h.b.r.c.i.ClassLoaderServiceImpl       : HHH000194: Package not found or no package-info.java: backend.model
2025-06-03T11:54:19.842+02:00 DEBUG 20180 --- [backend] [    Test worker] o.h.b.model.internal.BasicValueBinder    : Starting `BasicValueBinder#fillSimpleValue` for id
2025-06-03T11:54:19.846+02:00 DEBUG 20180 --- [backend] [    Test worker] o.h.b.model.internal.BasicValueBinder    : Starting `BasicValueBinder#fillSimpleValue` for cijena
2025-06-03T11:54:19.846+02:00 DEBUG 20180 --- [backend] [    Test worker] o.h.b.model.internal.BasicValueBinder    : Starting `BasicValueBinder#fillSimpleValue` for imgPath
2025-06-03T11:54:19.847+02:00 DEBUG 20180 --- [backend] [    Test worker] o.h.b.model.internal.BasicValueBinder    : Starting `BasicValueBinder#fillSimpleValue` for naziv
2025-06-03T11:54:19.849+02:00 DEBUG 20180 --- [backend] [    Test worker] o.h.b.model.internal.BasicValueBinder    : Starting `BasicValueBinder#fillSimpleValue` for nutritivneVrijednosti
2025-06-03T11:54:19.849+02:00 DEBUG 20180 --- [backend] [    Test worker] o.h.b.model.internal.BasicValueBinder    : Starting `BasicValueBinder#fillSimpleValue` for opis
2025-06-03T11:54:19.850+02:00 DEBUG 20180 --- [backend] [    Test worker] o.h.b.model.internal.BasicValueBinder    : Starting `BasicValueBinder#fillSimpleValue` for idKorisnika
2025-06-03T11:54:19.850+02:00 DEBUG 20180 --- [backend] [    Test worker] o.h.b.model.internal.BasicValueBinder    : Starting `BasicValueBinder#fillSimpleValue` for emailKorisnika
2025-06-03T11:54:19.850+02:00 DEBUG 20180 --- [backend] [    Test worker] o.h.b.model.internal.BasicValueBinder    : Starting `BasicValueBinder#fillSimpleValue` for imeKorisnika
2025-06-03T11:54:19.850+02:00 DEBUG 20180 --- [backend] [    Test worker] o.h.b.model.internal.BasicValueBinder    : Starting `BasicValueBinder#fillSimpleValue` for lozinkaKorisnika
2025-06-03T11:54:19.850+02:00 DEBUG 20180 --- [backend] [    Test worker] o.h.b.model.internal.BasicValueBinder    : Starting `BasicValueBinder#fillSimpleValue` for phone
2025-06-03T11:54:19.850+02:00 DEBUG 20180 --- [backend] [    Test worker] o.h.b.model.internal.BasicValueBinder    : Starting `BasicValueBinder#fillSimpleValue` for prezimeKorisnika
2025-06-03T11:54:19.851+02:00 DEBUG 20180 --- [backend] [    Test worker] o.h.b.model.internal.BasicValueBinder    : Starting `BasicValueBinder#fillSimpleValue` for role
2025-06-03T11:54:19.859+02:00 DEBUG 20180 --- [backend] [    Test worker] o.h.b.model.internal.BasicValueBinder    : Starting `BasicValueBinder#fillSimpleValue` for idPretplata
2025-06-03T11:54:19.860+02:00 DEBUG 20180 --- [backend] [    Test worker] o.h.b.model.internal.BasicValueBinder    : Starting `BasicValueBinder#fillSimpleValue` for tipPretplate
2025-06-03T11:54:19.867+02:00 DEBUG 20180 --- [backend] [    Test worker] o.h.b.model.internal.BasicValueBinder    : Starting `BasicValueBinder#fillSimpleValue` for idPretplatePoKorisniku
2025-06-03T11:54:19.868+02:00 DEBUG 20180 --- [backend] [    Test worker] o.h.b.model.internal.BasicValueBinder    : Starting `BasicValueBinder#fillSimpleValue` for datumPocetka
2025-06-03T11:54:19.869+02:00 DEBUG 20180 --- [backend] [    Test worker] o.h.b.model.internal.BasicValueBinder    : Starting `BasicValueBinder#fillSimpleValue` for datumZavrsetka
2025-06-03T11:54:19.877+02:00 DEBUG 20180 --- [backend] [    Test worker] o.h.b.model.internal.BasicValueBinder    : Starting `BasicValueBinder#fillSimpleValue` for status
2025-06-03T11:54:19.877+02:00 DEBUG 20180 --- [backend] [    Test worker] o.h.b.model.internal.BasicValueBinder    : Starting `BasicValueBinder#fillSimpleValue` for tipPlacanja
2025-06-03T11:54:19.905+02:00 DEBUG 20180 --- [backend] [    Test worker] org.hibernate.mapping.PrimaryKey         : Forcing column [id_jela] to be non-null as it is part of the primary key for table [fc_jelo]
2025-06-03T11:54:19.905+02:00 DEBUG 20180 --- [backend] [    Test worker] org.hibernate.mapping.PrimaryKey         : Forcing column [id_korisnika] to be non-null as it is part of the primary key for table [fc_korisnik]
2025-06-03T11:54:19.906+02:00 DEBUG 20180 --- [backend] [    Test worker] org.hibernate.mapping.PrimaryKey         : Forcing column [id_pretplata] to be non-null as it is part of the primary key for table [fc_pretplata]
2025-06-03T11:54:19.907+02:00 DEBUG 20180 --- [backend] [    Test worker] org.hibernate.mapping.PrimaryKey         : Forcing column [id_pretplate_po_korisniku] to be non-null as it is part of the primary key for table [fc_pretplata_po_korisniku]
2025-06-03T11:54:20.156+02:00 DEBUG 20180 --- [backend] [    Test worker] o.hibernate.internal.SessionFactoryImpl  : Building session factory
2025-06-03T11:54:20.298+02:00 DEBUG 20180 --- [backend] [    Test worker] .h.s.i.SessionFactoryServiceRegistryImpl : EventListenerRegistry access via ServiceRegistry is deprecated.  Use `sessionFactory.getEventEngine().getListenerRegistry()` instead
[...]
	at org.springframework.beans.factory.support.ConstructorResolver.createArgumentArray(ConstructorResolver.java:791) ~[spring-beans-6.2.6.jar:6.2.6]
	at org.springframework.beans.factory.support.ConstructorResolver.autowireConstructor(ConstructorResolver.java:240) ~[spring-beans-6.2.6.jar:6.2.6]
	at org.springframework.beans.factory.support.AbstractAutowireCapableBeanFactory.autowireConstructor(AbstractAutowireCapableBeanFactory.java:1387) ~[spring-beans-6.2.6.jar:6.2.6]
	at org.springframework.beans.factory.support.AbstractAutowireCapableBeanFactory.createBeanInstance(AbstractAutowireCapableBeanFactory.java:1224) ~[spring-beans-6.2.6.jar:6.2.6]
	at org.springframework.beans.factory.support.AbstractAutowireCapableBeanFactory.doCreateBean(AbstractAutowireCapableBeanFactory.java:569) ~[spring-beans-6.2.6.jar:6.2.6]
	at org.springframework.beans.factory.support.AbstractAutowireCapableBeanFactory.createBean(AbstractAutowireCapableBeanFactory.java:529) ~[spring-beans-6.2.6.jar:6.2.6]
	at org.springframework.beans.factory.support.AbstractBeanFactory.lambda$doGetBean$0(AbstractBeanFactory.java:339) ~[spring-beans-6.2.6.jar:6.2.6]
	at org.springframework.beans.factory.support.DefaultSingletonBeanRegistry.getSingleton(DefaultSingletonBeanRegistry.java:371) ~[spring-beans-6.2.6.jar:6.2.6]
	at org.springframework.beans.factory.support.AbstractBeanFactory.doGetBean(AbstractBeanFactory.java:337) ~[spring-beans-6.2.6.jar:6.2.6]
	at org.springframework.beans.factory.support.AbstractBeanFactory.getBean(AbstractBeanFactory.java:202) ~[spring-beans-6.2.6.jar:6.2.6]
	at org.springframework.beans.factory.support.DefaultListableBeanFactory.doResolveDependency(DefaultListableBeanFactory.java:1681) ~[spring-beans-6.2.6.jar:6.2.6]
	at org.springframework.beans.factory.support.DefaultListableBeanFactory.resolveDependency(DefaultListableBeanFactory.java:1627) ~[spring-beans-6.2.6.jar:6.2.6]
	at org.springframework.beans.factory.support.ConstructorResolver.resolveAutowiredArgument(ConstructorResolver.java:913) ~[spring-beans-6.2.6.jar:6.2.6]
	at org.springframework.beans.factory.support.ConstructorResolver.createArgumentArray(ConstructorResolver.java:791) ~[spring-beans-6.2.6.jar:6.2.6]
	at org.springframework.beans.factory.support.ConstructorResolver.autowireConstructor(ConstructorResolver.java:240) ~[spring-beans-6.2.6.jar:6.2.6]
	at org.springframework.beans.factory.support.AbstractAutowireCapableBeanFactory.autowireConstructor(AbstractAutowireCapableBeanFactory.java:1387) ~[spring-beans-6.2.6.jar:6.2.6]
	at org.springframework.beans.factory.support.AbstractAutowireCapableBeanFactory.createBeanInstance(AbstractAutowireCapableBeanFactory.java:1224) ~[spring-beans-6.2.6.jar:6.2.6]
	at org.springframework.beans.factory.support.AbstractAutowireCapableBeanFactory.doCreateBean(AbstractAutowireCapableBeanFactory.java:569) ~[spring-beans-6.2.6.jar:6.2.6]
	at org.springframework.beans.factory.support.AbstractAutowireCapableBeanFactory.createBean(AbstractAutowireCapableBeanFactory.java:529) ~[spring-beans-6.2.6.jar:6.2.6]
	at org.springframework.beans.factory.support.AbstractBeanFactory.lambda$doGetBean$0(AbstractBeanFactory.java:339) ~[spring-beans-6.2.6.jar:6.2.6]
	at org.springframework.beans.factory.support.DefaultSingletonBeanRegistry.getSingleton(DefaultSingletonBeanRegistry.java:371) ~[spring-beans-6.2.6.jar:6.2.6]
	at org.springframework.beans.factory.support.AbstractBeanFactory.doGetBean(AbstractBeanFactory.java:337) ~[spring-beans-6.2.6.jar:6.2.6]
	at org.springframework.beans.factory.support.AbstractBeanFactory.getBean(AbstractBeanFactory.java:202) ~[spring-beans-6.2.6.jar:6.2.6]
	at org.springframework.beans.factory.support.DefaultListableBeanFactory.instantiateSingleton(DefaultListableBeanFactory.java:1221) ~[spring-beans-6.2.6.jar:6.2.6]
	at org.springframework.beans.factory.support.DefaultListableBeanFactory.preInstantiateSingleton(DefaultListableBeanFactory.java:1187) ~[spring-beans-6.2.6.jar:6.2.6]
	at org.springframework.beans.factory.support.DefaultListableBeanFactory.preInstantiateSingletons(DefaultListableBeanFactory.java:1122) ~[spring-beans-6.2.6.jar:6.2.6]
	at org.springframework.context.support.AbstractApplicationContext.finishBeanFactoryInitialization(AbstractApplicationContext.java:987) ~[spring-context-6.2.6.jar:6.2.6]
	at org.springframework.context.support.AbstractApplicationContext.refresh(AbstractApplicationContext.java:627) ~[spring-context-6.2.6.jar:6.2.6]
	at org.springframework.boot.SpringApplication.refresh(SpringApplication.java:753) ~[spring-boot-3.4.5.jar:3.4.5]
	at org.springframework.boot.SpringApplication.refreshContext(SpringApplication.java:439) ~[spring-boot-3.4.5.jar:3.4.5]
	at org.springframework.boot.SpringApplication.run(SpringApplication.java:318) ~[spring-boot-3.4.5.jar:3.4.5]
	at org.springframework.boot.test.context.SpringBootContextLoader.lambda$loadContext$3(SpringBootContextLoader.java:144) ~[spring-boot-test-3.4.5.jar:3.4.5]
	at org.springframework.util.function.ThrowingSupplier.get(ThrowingSupplier.java:58) ~[spring-core-6.2.6.jar:6.2.6]
	at org.springframework.util.function.ThrowingSupplier.get(ThrowingSupplier.java:46) ~[spring-core-6.2.6.jar:6.2.6]
	at org.springframework.boot.SpringApplication.withHook(SpringApplication.java:1462) ~[spring-boot-3.4.5.jar:3.4.5]
	at org.springframework.boot.test.context.SpringBootContextLoader$ContextLoaderHook.run(SpringBootContextLoader.java:563) ~[spring-boot-test-3.4.5.jar:3.4.5]
	at org.springframework.boot.test.context.SpringBootContextLoader.loadContext(SpringBootContextLoader.java:144) ~[spring-boot-test-3.4.5.jar:3.4.5]
	at org.springframework.boot.test.context.SpringBootContextLoader.loadContext(SpringBootContextLoader.java:110) ~[spring-boot-test-3.4.5.jar:3.4.5]
	at org.springframework.test.context.cache.DefaultCacheAwareContextLoaderDelegate.loadContextInternal(DefaultCacheAwareContextLoaderDelegate.java:225) ~[spring-test-6.2.6.jar:6.2.6]
	at org.springframework.test.context.cache.DefaultCacheAwareContextLoaderDelegate.loadContext(DefaultCacheAwareContextLoaderDelegate.java:152) ~[spring-test-6.2.6.jar:6.2.6]
	at org.springframework.test.context.support.DefaultTestContext.getApplicationContext(DefaultTestContext.java:130) ~[spring-test-6.2.6.jar:6.2.6]
	at org.springframework.test.context.web.ServletTestExecutionListener.setUpRequestContextIfNecessary(ServletTestExecutionListener.java:200) ~[spring-test-6.2.6.jar:6.2.6]
	at org.springframework.test.context.web.ServletTestExecutionListener.prepareTestInstance(ServletTestExecutionListener.java:139) ~[spring-test-6.2.6.jar:6.2.6]
	at org.springframework.test.context.TestContextManager.prepareTestInstance(TestContextManager.java:260) ~[spring-test-6.2.6.jar:6.2.6]
	at org.springframework.test.context.junit.jupiter.SpringExtension.postProcessTestInstance(SpringExtension.java:159) ~[spring-test-6.2.6.jar:6.2.6]
	at org.junit.jupiter.engine.descriptor.ClassBasedTestDescriptor.lambda$invokeTestInstancePostProcessors$11(ClassBasedTestDescriptor.java:378) ~[junit-jupiter-engine-5.11.4.jar:5.11.4]
	at org.junit.jupiter.engine.descriptor.ClassBasedTestDescriptor.executeAndMaskThrowable(ClassBasedTestDescriptor.java:383) ~[junit-jupiter-engine-5.11.4.jar:5.11.4]
	at org.junit.jupiter.engine.descriptor.ClassBasedTestDescriptor.lambda$invokeTestInstancePostProcessors$12(ClassBasedTestDescriptor.java:378) ~[junit-jupiter-engine-5.11.4.jar:5.11.4]
	at java.base/java.util.stream.ForEachOps$ForEachOp$OfRef.accept(ForEachOps.java:183) ~[na:na]
	at java.base/java.util.stream.ReferencePipeline$3$1.accept(ReferencePipeline.java:197) ~[na:na]
	at java.base/java.util.stream.ReferencePipeline$2$1.accept(ReferencePipeline.java:179) ~[na:na]
	at java.base/java.util.stream.ReferencePipeline$3$1.accept(ReferencePipeline.java:197) ~[na:na]
	at java.base/java.util.ArrayList$ArrayListSpliterator.forEachRemaining(ArrayList.java:1625) ~[na:na]
	at java.base/java.util.stream.AbstractPipeline.copyInto(AbstractPipeline.java:509) ~[na:na]
	at java.base/java.util.stream.AbstractPipeline.wrapAndCopyInto(AbstractPipeline.java:499) ~[na:na]
	at java.base/java.util.stream.ForEachOps$ForEachOp.evaluateSequential(ForEachOps.java:150) ~[na:na]
	at java.base/java.util.stream.ForEachOps$ForEachOp$OfRef.evaluateSequential(ForEachOps.java:173) ~[na:na]
	at java.base/java.util.stream.AbstractPipeline.evaluate(AbstractPipeline.java:234) ~[na:na]
	at java.base/java.util.stream.ReferencePipeline.forEach(ReferencePipeline.java:596) ~[na:na]
	at org.junit.jupiter.engine.descriptor.ClassBasedTestDescriptor.invokeTestInstancePostProcessors(ClassBasedTestDescriptor.java:377) ~[junit-jupiter-engine-5.11.4.jar:5.11.4]
	at org.junit.jupiter.engine.descriptor.ClassBasedTestDescriptor.lambda$instantiateAndPostProcessTestInstance$7(ClassBasedTestDescriptor.java:290) ~[junit-jupiter-engine-5.11.4.jar:5.11.4]
	at org.junit.platform.engine.support.hierarchical.ThrowableCollector.execute(ThrowableCollector.java:73) ~[junit-platform-engine-1.11.4.jar:1.11.4]
	at org.junit.jupiter.engine.descriptor.ClassBasedTestDescriptor.instantiateAndPostProcessTestInstance(ClassBasedTestDescriptor.java:289) ~[junit-jupiter-engine-5.11.4.jar:5.11.4]
	at org.junit.jupiter.engine.descriptor.ClassBasedTestDescriptor.lambda$testInstancesProvider$5(ClassBasedTestDescriptor.java:279) ~[junit-jupiter-engine-5.11.4.jar:5.11.4]
	at java.base/java.util.Optional.orElseGet(Optional.java:364) ~[na:na]
	at org.junit.jupiter.engine.descriptor.ClassBasedTestDescriptor.lambda$testInstancesProvider$6(ClassBasedTestDescriptor.java:278) ~[junit-jupiter-engine-5.11.4.jar:5.11.4]
	at org.junit.jupiter.engine.execution.TestInstancesProvider.getTestInstances(TestInstancesProvider.java:31) ~[junit-jupiter-engine-5.11.4.jar:5.11.4]
	at org.junit.jupiter.engine.descriptor.TestMethodTestDescriptor.lambda$prepare$1(TestMethodTestDescriptor.java:105) ~[junit-jupiter-engine-5.11.4.jar:5.11.4]
	at org.junit.platform.engine.support.hierarchical.ThrowableCollector.execute(ThrowableCollector.java:73) ~[junit-platform-engine-1.11.4.jar:1.11.4]
	at org.junit.jupiter.engine.descriptor.TestMethodTestDescriptor.prepare(TestMethodTestDescriptor.java:104) ~[junit-jupiter-engine-5.11.4.jar:5.11.4]
	at org.junit.jupiter.engine.descriptor.TestMethodTestDescriptor.prepare(TestMethodTestDescriptor.java:68) ~[junit-jupiter-engine-5.11.4.jar:5.11.4]
	at org.junit.platform.engine.support.hierarchical.NodeTestTask.lambda$prepare$2(NodeTestTask.java:128) ~[junit-platform-engine-1.11.4.jar:1.11.4]
	at org.junit.platform.engine.support.hierarchical.ThrowableCollector.execute(ThrowableCollector.java:73) ~[junit-platform-engine-1.11.4.jar:1.11.4]
	at org.junit.platform.engine.support.hierarchical.NodeTestTask.prepare(NodeTestTask.java:128) ~[junit-platform-engine-1.11.4.jar:1.11.4]
	at org.junit.platform.engine.support.hierarchical.NodeTestTask.execute(NodeTestTask.java:95) ~[junit-platform-engine-1.11.4.jar:1.11.4]
	at java.base/java.util.ArrayList.forEach(ArrayList.java:1511) ~[na:na]
	at org.junit.platform.engine.support.hierarchical.SameThreadHierarchicalTestExecutorService.invokeAll(SameThreadHierarchicalTestExecutorService.java:41) ~[junit-platform-engine-1.11.4.jar:1.11.4]
	at org.junit.platform.engine.support.hierarchical.NodeTestTask.lambda$executeRecursively$6(NodeTestTask.java:160) ~[junit-platform-engine-1.11.4.jar:1.11.4]
	at org.junit.platform.engine.support.hierarchical.ThrowableCollector.execute(ThrowableCollector.java:73) ~[junit-platform-engine-1.11.4.jar:1.11.4]
	at org.junit.platform.engine.support.hierarchical.NodeTestTask.lambda$executeRecursively$8(NodeTestTask.java:146) ~[junit-platform-engine-1.11.4.jar:1.11.4]
	at org.junit.platform.engine.support.hierarchical.Node.around(Node.java:137) ~[junit-platform-engine-1.11.4.jar:1.11.4]
	at org.junit.platform.engine.support.hierarchical.NodeTestTask.lambda$executeRecursively$9(NodeTestTask.java:144) ~[junit-platform-engine-1.11.4.jar:1.11.4]
	at org.junit.platform.engine.support.hierarchical.ThrowableCollector.execute(ThrowableCollector.java:73) ~[junit-platform-engine-1.11.4.jar:1.11.4]
	at org.junit.platform.engine.support.hierarchical.NodeTestTask.executeRecursively(NodeTestTask.java:143) ~[junit-platform-engine-1.11.4.jar:1.11.4]
	at org.junit.platform.engine.support.hierarchical.NodeTestTask.execute(NodeTestTask.java:100) ~[junit-platform-engine-1.11.4.jar:1.11.4]
	at java.base/java.util.ArrayList.forEach(ArrayList.java:1511) ~[na:na]
	at org.junit.platform.engine.support.hierarchical.SameThreadHierarchicalTestExecutorService.invokeAll(SameThreadHierarchicalTestExecutorService.java:41) ~[junit-platform-engine-1.11.4.jar:1.11.4]
	at org.junit.platform.engine.support.hierarchical.NodeTestTask.lambda$executeRecursively$6(NodeTestTask.java:160) ~[junit-platform-engine-1.11.4.jar:1.11.4]
	at org.junit.platform.engine.support.hierarchical.ThrowableCollector.execute(ThrowableCollector.java:73) ~[junit-platform-engine-1.11.4.jar:1.11.4]
	at org.junit.platform.engine.support.hierarchical.NodeTestTask.lambda$executeRecursively$8(NodeTestTask.java:146) ~[junit-platform-engine-1.11.4.jar:1.11.4]
	at org.junit.platform.engine.support.hierarchical.Node.around(Node.java:137) ~[junit-platform-engine-1.11.4.jar:1.11.4]
	at org.junit.platform.engine.support.hierarchical.NodeTestTask.lambda$executeRecursively$9(NodeTestTask.java:144) ~[junit-platform-engine-1.11.4.jar:1.11.4]
	at org.junit.platform.engine.support.hierarchical.ThrowableCollector.execute(ThrowableCollector.java:73) ~[junit-platform-engine-1.11.4.jar:1.11.4]
	at org.junit.platform.engine.support.hierarchical.NodeTestTask.executeRecursively(NodeTestTask.java:143) ~[junit-platform-engine-1.11.4.jar:1.11.4]
	at org.junit.platform.engine.support.hierarchical.NodeTestTask.execute(NodeTestTask.java:100) ~[junit-platform-engine-1.11.4.jar:1.11.4]
	at org.junit.platform.engine.support.hierarchical.SameThreadHierarchicalTestExecutorService.submit(SameThreadHierarchicalTestExecutorService.java:35) ~[junit-platform-engine-1.11.4.jar:1.11.4]
	at org.junit.platform.engine.support.hierarchical.HierarchicalTestExecutor.execute(HierarchicalTestExecutor.java:57) ~[junit-platform-engine-1.11.4.jar:1.11.4]
	at org.junit.platform.engine.support.hierarchical.HierarchicalTestEngine.execute(HierarchicalTestEngine.java:54) ~[junit-platform-engine-1.11.4.jar:1.11.4]
	at org.junit.platform.launcher.core.EngineExecutionOrchestrator.execute(EngineExecutionOrchestrator.java:198) ~[junit-platform-launcher-1.11.4.jar:1.11.4]
	at org.junit.platform.launcher.core.EngineExecutionOrchestrator.execute(EngineExecutionOrchestrator.java:169) ~[junit-platform-launcher-1.11.4.jar:1.11.4]
	at org.junit.platform.launcher.core.EngineExecutionOrchestrator.execute(EngineExecutionOrchestrator.java:93) ~[junit-platform-launcher-1.11.4.jar:1.11.4]
	at org.junit.platform.launcher.core.EngineExecutionOrchestrator.lambda$execute$0(EngineExecutionOrchestrator.java:58) ~[junit-platform-launcher-1.11.4.jar:1.11.4]
	at org.junit.platform.launcher.core.EngineExecutionOrchestrator.withInterceptedStreams(EngineExecutionOrchestrator.java:141) ~[junit-platform-launcher-1.11.4.jar:1.11.4]
	at org.junit.platform.launcher.core.EngineExecutionOrchestrator.execute(EngineExecutionOrchestrator.java:57) ~[junit-platform-launcher-1.11.4.jar:1.11.4]
	at org.junit.platform.launcher.core.DefaultLauncher.execute(DefaultLauncher.java:103) ~[junit-platform-launcher-1.11.4.jar:1.11.4]
	at org.junit.platform.launcher.core.DefaultLauncher.execute(DefaultLauncher.java:85) ~[junit-platform-launcher-1.11.4.jar:1.11.4]
	at org.junit.platform.launcher.core.DelegatingLauncher.execute(DelegatingLauncher.java:47) ~[junit-platform-launcher-1.11.4.jar:1.11.4]
	at org.gradle.api.internal.tasks.testing.junitplatform.JUnitPlatformTestClassProcessor$CollectAllTestClassesExecutor.processAllTestClasses(JUnitPlatformTestClassProcessor.java:124) ~[na:na]
	at org.gradle.api.internal.tasks.testing.junitplatform.JUnitPlatformTestClassProcessor$CollectAllTestClassesExecutor.access$000(JUnitPlatformTestClassProcessor.java:99) ~[na:na]
	at org.gradle.api.internal.tasks.testing.junitplatform.JUnitPlatformTestClassProcessor.stop(JUnitPlatformTestClassProcessor.java:94) ~[na:na]
	at org.gradle.api.internal.tasks.testing.SuiteTestClassProcessor.stop(SuiteTestClassProcessor.java:63) ~[na:na]
	at java.base/jdk.internal.reflect.NativeMethodAccessorImpl.invoke0(Native Method) ~[na:na]
	at java.base/jdk.internal.reflect.NativeMethodAccessorImpl.invoke(NativeMethodAccessorImpl.java:77) ~[na:na]
	at java.base/jdk.internal.reflect.DelegatingMethodAccessorImpl.invoke(DelegatingMethodAccessorImpl.java:43) ~[na:na]
	at java.base/java.lang.reflect.Method.invoke(Method.java:569) ~[na:na]
	at org.gradle.internal.dispatch.ReflectionDispatch.dispatch(ReflectionDispatch.java:36) ~[na:na]
	at org.gradle.internal.dispatch.ReflectionDispatch.dispatch(ReflectionDispatch.java:24) ~[na:na]
	at org.gradle.internal.dispatch.ContextClassLoaderDispatch.dispatch(ContextClassLoaderDispatch.java:33) ~[na:na]
	at org.gradle.internal.dispatch.ProxyDispatchAdapter$DispatchingInvocationHandler.invoke(ProxyDispatchAdapter.java:92) ~[na:na]
	at jdk.proxy1/jdk.proxy1.$Proxy4.stop(Unknown Source) ~[na:na]
	at org.gradle.api.internal.tasks.testing.worker.TestWorker$3.run(TestWorker.java:200) ~[na:na]
	at org.gradle.api.internal.tasks.testing.worker.TestWorker.executeAndMaintainThreadName(TestWorker.java:132) ~[na:na]
	at org.gradle.api.internal.tasks.testing.worker.TestWorker.execute(TestWorker.java:103) ~[na:na]
	at org.gradle.api.internal.tasks.testing.worker.TestWorker.execute(TestWorker.java:63) ~[na:na]
	at org.gradle.process.internal.worker.child.ActionExecutionWorker.execute(ActionExecutionWorker.java:56) ~[na:na]
	at org.gradle.process.internal.worker.child.SystemApplicationClassLoaderWorker.call(SystemApplicationClassLoaderWorker.java:121) ~[na:na]
	at org.gradle.process.internal.worker.child.SystemApplicationClassLoaderWorker.call(SystemApplicationClassLoaderWorker.java:71) ~[na:na]
	at worker.org.gradle.process.internal.worker.GradleWorkerMain.run(GradleWorkerMain.java:69) ~[gradle-worker.jar:na]
	at worker.org.gradle.process.internal.worker.GradleWorkerMain.main(GradleWorkerMain.java:74) ~[gradle-worker.jar:na]

2025-06-03T11:54:30.999+02:00  WARN 20180 --- [backend] [    Test worker] JpaBaseConfiguration$JpaWebConfiguration : spring.jpa.open-in-view is enabled by default. Therefore, database queries may be performed during view rendering. Explicitly configure spring.jpa.open-in-view to disable this warning
2025-06-03T11:54:31.430+02:00  WARN 20180 --- [backend] [    Test worker] .s.s.UserDetailsServiceAutoConfiguration : 

Using generated security password: fdb29174-b765-4591-bf37-67b9a450af76

This generated password is for development use only. Your security configuration must be updated before running your application in production.

2025-06-03T11:54:31.491+02:00  INFO 20180 --- [backend] [    Test worker] r$InitializeUserDetailsManagerConfigurer : Global AuthenticationManager configured with UserDetailsService bean with name inMemoryUserDetailsManager
2025-06-03T11:54:37.637+02:00  INFO 20180 --- [backend] [    Test worker] o.s.b.a.e.web.EndpointLinksResolver      : Exposing 1 endpoint beneath base path '/actuator'
2025-06-03T11:54:38.687+02:00 DEBUG 20180 --- [backend] [    Test worker] o.s.s.web.DefaultSecurityFilterChain     : Will secure any request with filters: DisableEncodeUrlFilter, WebAsyncManagerIntegrationFilter, SecurityContextHolderFilter, HeaderWriterFilter, CorsFilter, LogoutFilter, JwtAuthenticationFilter, RequestCacheAwareFilter, SecurityContextHolderAwareRequestFilter, AnonymousAuthenticationFilter, ExceptionTranslationFilter, AuthorizationFilter
2025-06-03T11:54:43.344+02:00  INFO 20180 --- [backend] [    Test worker] backend.BackendApplicationTests          : Started BackendApplicationTests in 49.506 seconds (process running for 55.093)
]]></system-out>
  <system-err><![CDATA[]]></system-err>
</testsuite>
